Number of significant binary digits
Shadowing distance
1 2 -0.5 0 0
10 3.6 0.3 0.00494757
15 3.6 0.3 0.000286674
20 3.6 0.3 5.08586e-05
25 3.6 0.3 2.10459e-05
30 3.6 0.3 8.64231e-07
35 3.6 0.3 1.11182e-06
40 3.6 0.3 1.08034e-07
45 3.6 0.3 1.3472e-08
50 3.6 0.3 2.165e-09
55 3.6 0.3 -1
60 3.6 0.3 6.58635e-12
65 3.6 0.3 2.01798e-14
70 3.6 0.3 4.6433e-16
75 3.6 0.3 3.16333e-17
80 3.6 0.3 1.09827e-18
10 3.6 0.4 0.00494757
15 3.6 0.4 0.000286674
20 3.6 0.4 0.000138499
25 3.6 0.4 2.10459e-05
30 3.6 0.4 -1
35 3.6 0.4 -1
40 3.6 0.4 1.08034e-07
45 3.6 0.4 1.38525e-08
50 3.6 0.4 2.13321e-09
55 3.6 0.4 1.73056e-11
60 3.6 0.4 3.06954e-12
65 3.6 0.4 1.75718e-13
70 3.6 0.4 2.03934e-16
75 3.6 0.4 3.77928e-17
80 3.6 0.4 6.89171e-19
10 3.6 0.5 -1
15 3.6 0.5 -1
20 3.6 0.5 0.000138499
25 3.6 0.5 -1
30 3.6 0.5 -1
35 3.6 0.5 -1
40 3.6 0.5 3.98268e-07
45 3.6 0.5 -1
50 3.6 0.5 -1
55 3.6 0.5 1.98436e-09
60 3.6 0.5 -1
65 3.6 0.5 -1
70 3.6 0.5 -1
75 3.6 0.5 1.24929e-12
80 3.6 0.5 -1
10 3.6 0.6 0.00543585
15 3.6 0.6 0.000286674
20 3.6 0.6 0.000138499
25 3.6 0.6 -1
30 3.6 0.6 1.11005e-06
35 3.6 0.6 5.60831e-07
40 3.6 0.6 1.08034e-07
45 3.6 0.6 1.38525e-08
50 3.6 0.6 2.13321e-09
55 3.6 0.6 3.5362e-11
60 3.6 0.6 3.06954e-12
65 3.6 0.6 1.75718e-13
70 3.6 0.6 2.03934e-16
75 3.6 0.6 3.38164e-17
80 3.6 0.6 6.89171e-19
10 3.635 0.3 -1
15 3.635 0.3 -1
20 3.635 0.3 0.000247726
25 3.635 0.3 -1
30 3.635 0.3 3.48219e-07
35 3.635 0.3 9.42459e-08
40 3.635 0.3 3.27652e-07
45 3.635 0.3 4.56739e-08
50 3.635 0.3 6.94572e-09
55 3.635 0.3 4.10362e-11
60 3.635 0.3 6.37248e-12
65 3.635 0.3 6.50984e-14
70 3.635 0.3 3.97295e-15
75 3.635 0.3 8.79317e-17
80 3.635 0.3 2.7731e-18
10 3.635 0.4 -1
15 3.635 0.4 0.00191359
20 3.635 0.4 -1
25 3.635 0.4 2.32337e-06
30 3.635 0.4 2.13601e-06
35 3.635 0.4 2.91649e-07
40 3.635 0.4 -1
45 3.635 0.4 8.74566e-09
50 3.635 0.4 6.94572e-09
55 3.635 0.4 4.62587e-11
60 3.635 0.4 9.43031e-13
65 3.635 0.4 6.54335e-14
70 3.635 0.4 1.38832e-15
75 3.635 0.4 3.08184e-16
80 3.635 0.4 9.8795e-17
10 3.635 0.5 -1
15 3.635 0.5 -1
20 3.635 0.5 -1
25 3.635 0.5 -1
30 3.635 0.5 1.52739e-06
35 3.635 0.5 -1
40 3.635 0.5 -1
45 3.635 0.5 3.94511e-08
50 3.635 0.5 6.94572e-09
55 3.635 0.5 -1
60 3.635 0.5 -1
65 3.635 0.5 -1
70 3.635 0.5 2.89683e-12
75 3.635 0.5 4.89418e-13
80 3.635 0.5 -1
10 3.635 0.6 0.00360968
15 3.635 0.6 0.00191359
20 3.635 0.6 -1
25 3.635 0.6 2.32337e-06
30 3.635 0.6 2.13601e-06
35 3.635 0.6 2.91649e-07
40 3.635 0.6 -1
45 3.635 0.6 8.68564e-09
50 3.635 0.6 1.82885e-09
55 3.635 0.6 4.62587e-11
60 3.635 0.6 9.43031e-13
65 3.635 0.6 3.26353e-14
70 3.635 0.6 1.38832e-15
75 3.635 0.6 3.08184e-16
80 3.635 0.6 9.8795e-17
10 3.65 0.3 0.00795632
15 3.65 0.3 0.000384298
20 3.65 0.3 -1
25 3.65 0.3 2.03562e-05
30 3.65 0.3 4.78446e-06
35 3.65 0.3 2.76738e-07
40 3.65 0.3 1.92161e-07
45 3.65 0.3 3.69249e-09
50 3.65 0.3 2.81986e-09
55 3.65 0.3 3.37016e-11
60 3.65 0.3 5.89191e-13
65 3.65 0.3 5.79128e-13
70 3.65 0.3 2.89225e-15
75 3.65 0.3 9.46062e-17
80 3.65 0.3 1.79323e-18
10 3.65 0.4 0.00107137
15 3.65 0.4 -1
20 3.65 0.4 0.000237109
25 3.65 0.4 4.31699e-05
30 3.65 0.4 3.01794e-07
35 3.65 0.4 9.25295e-07
40 3.65 0.4 1.92161e-07
45 3.65 0.4 3.3817e-09
50 3.65 0.4 1.60572e-09
55 3.65 0.4 4.75736e-10
60 3.65 0.4 4.51896e-13
65 3.65 0.4 3.90558e-13
70 3.65 0.4 2.5282e-14
75 3.65 0.4 2.11226e-17
80 3.65 0.4 2.74183e-18
10 3.65 0.5 0.00376243
15 3.65 0.5 -1
20 3.65 0.5 -1
25 3.65 0.5 -1
30 3.65 0.5 8.80073e-06
35 3.65 0.5 6.4151e-07
40 3.65 0.5 -1
45 3.65 0.5 4.9586e-08
50 3.65 0.5 7.34174e-09
55 3.65 0.5 -1
60 3.65 0.5 1.29401e-10
65 3.65 0.5 -1
70 3.65 0.5 -1
75 3.65 0.5 -1
80 3.65 0.5 -1
10 3.65 0.6 0.00278586
15 3.65 0.6 0.000293439
20 3.65 0.6 0.000237109
25 3.65 0.6 8.15105e-05
30 3.65 0.6 8.33693e-06
35 3.65 0.6 2.11501e-07
40 3.65 0.6 1.92161e-07
45 3.65 0.6 3.3817e-09
50 3.65 0.6 1.60572e-09
55 3.65 0.6 4.75736e-10
60 3.65 0.6 4.51896e-13
65 3.65 0.6 4.15147e-13
70 3.65 0.6 2.5282e-14
75 3.65 0.6 2.11226e-17
80 3.65 0.6 2.74183e-18
10 3.7 0.3 0.00309379
15 3.7 0.3 0.000327046
20 3.7 0.3 2.09084e-05
25 3.7 0.3 -1
30 3.7 0.3 1.82112e-06
35 3.7 0.3 3.05118e-07
40 3.7 0.3 7.44974e-09
45 3.7 0.3 1.02511e-08
50 3.7 0.3 8.50789e-09
55 3.7 0.3 9.45017e-12
60 3.7 0.3 4.40788e-13
65 3.7 0.3 9.83968e-14
70 3.7 0.3 1.93802e-13
75 3.7 0.3 3.21085e-17
80 3.7 0.3 1.35126e-18
10 3.7 0.4 0.0030938
15 3.7 0.4 7.96334e-05
20 3.7 0.4 4.82888e-05
25 3.7 0.4 -1
30 3.7 0.4 9.81515e-07
35 3.7 0.4 1.14575e-06
40 3.7 0.4 -1
45 3.7 0.4 7.8088e-09
50 3.7 0.4 1.73705e-09
55 3.7 0.4 2.69543e-10
60 3.7 0.4 9.427e-12
65 3.7 0.4 3.82653e-13
70 3.7 0.4 5.08651e-15
75 3.7 0.4 3.48995e-17
80 3.7 0.4 5.65349e-19
10 3.7 0.5 0.00766867
15 3.7 0.5 0.00108214
20 3.7 0.5 -1
25 3.7 0.5 -1
30 3.7 0.5 8.18391e-06
35 3.7 0.5 1.96802e-06
40 3.7 0.5 -1
45 3.7 0.5 -1
50 3.7 0.5 8.50789e-09
55 3.7 0.5 -1
60 3.7 0.5 3.02821e-10
65 3.7 0.5 2.80081e-11
70 3.7 0.5 -1
75 3.7 0.5 -1
80 3.7 0.5 -1
10 3.7 0.6 0.00309379
15 3.7 0.6 0.000118959
20 3.7 0.6 2.39008e-05
25 3.7 0.6 -1
30 3.7 0.6 1.33744e-06
35 3.7 0.6 1.33167e-06
40 3.7 0.6 -1
45 3.7 0.6 8.90993e-09
50 3.7 0.6 1.30693e-09
55 3.7 0.6 1.15781e-11
60 3.7 0.6 9.427e-12
65 3.7 0.6 3.82653e-13
70 3.7 0.6 5.08651e-15
75 3.7 0.6 3.48995e-17
80 3.7 0.6 5.65349e-19
10 3.75 0.3 0.00111503
15 3.75 0.3 0.000941305
20 3.75 0.3 7.84691e-05
25 3.75 0.3 7.55394e-05
30 3.75 0.3 1.28338e-06
35 3.75 0.3 6.09133e-07
40 3.75 0.3 5.05274e-08
45 3.75 0.3 9.59589e-09
50 3.75 0.3 1.15719e-08
55 3.75 0.3 3.10659e-11
60 3.75 0.3 1.35719e-11
65 3.75 0.3 1.21359e-13
70 3.75 0.3 5.9296e-16
75 3.75 0.3 2.13939e-17
80 3.75 0.3 1.33859e-17
10 3.75 0.4 -1
15 3.75 0.4 0.00110917
20 3.75 0.4 7.84691e-05
25 3.75 0.4 5.23383e-05
30 3.75 0.4 1.28338e-06
35 3.75 0.4 6.09133e-07
40 3.75 0.4 3.08138e-08
45 3.75 0.4 7.76327e-09
