10 10 3.6 0.299999 +.62286289348106242E-0002
20 10 3.6 0.299999 +.94609801212758060E-0006
30 10 3.6 0.299999 +.99875646377245006E-0009
40 10 3.6 0.299999 +.65316468281211031E-0011
50 10 3.6 0.299999 +.28901938019099574E-0014
60 10 3.6 0.299999 +.11919328599543424E-0015
70 10 3.6 0.299999 +.11359215755597631E-0015
10 10 3.6 0.4 +.37918225718657222E-0002
20 10 3.6 0.4 +.26779731163153943E-0005
30 10 3.6 0.4 +.22107982882744436E-0008
40 10 3.6 0.4 +.48907825729602690E-0011
50 10 3.6 0.4 +.20773510671217633E-0014
60 10 3.6 0.4 +.82251474452699181E-0016
70 10 3.6 0.4 +.82251474452699181E-0016
10 10 3.6 0.5 -1
20 10 3.6 0.5 +.11805105841302490E-0003
30 10 3.6 0.5 -1
40 10 3.6 0.5 +.39048644397807408E-0006
50 10 3.6 0.5 -1
60 10 3.6 0.5 +.31294553963492660E-0009
70 10 3.6 0.5 +.31294553963492660E-0009
10 10 3.6 0.599999 +.15930009661740857E-0002
20 10 3.6 0.599999 +.20697063427202339E-0005
30 10 3.6 0.599999 +.29826053509324579E-0008
40 10 3.6 0.599999 +.15328433605663696E-0011
50 10 3.6 0.599999 +.20038618457625029E-0014
60 10 3.6 0.599999 +.82251474452699181E-0016
70 10 3.6 0.599999 +.82251474452699181E-0016
10 10 3.63499 0.299999 +.78151542411021932E-0003
20 10 3.63499 0.299999 +.40350026093430740E-0005
30 10 3.63499 0.299999 +.10762576547380972E-0008
40 10 3.63499 0.299999 +.19346331455296766E-0011
50 10 3.63499 0.299999 +.14133108966949667E-0014
60 10 3.63499 0.299999 +.10687506049689242E-0015
70 10 3.63499 0.299999 +.11940421847304318E-0015
10 10 3.63499 0.4 +.16530107732348247E-0002
20 10 3.63499 0.4 +.20542355587608699E-0005
30 10 3.63499 0.4 +.22145947998143781E-0008
40 10 3.63499 0.4 +.13430590598081211E-0011
50 10 3.63499 0.4 +.17618999338419876E-0014
60 10 3.63499 0.4 +.72891689443952370E-0016
70 10 3.63499 0.4 +.48345931390628953E-0016
10 10 3.63499 0.5 -1
20 10 3.63499 0.5 +.99426053194390733E-0004
30 10 3.63499 0.5 -1
40 10 3.63499 0.5 +.11432068964905170E-0006
50 10 3.63499 0.5 +.81393139489534161E-0008
60 10 3.63499 0.5 -1
70 10 3.63499 0.5 -1
10 10 3.63499 0.599999 +.12713416648257907E-0002
20 10 3.63499 0.599999 +.19268863556206875E-0005
30 10 3.63499 0.599999 +.22145947998143781E-0008
40 10 3.63499 0.599999 +.11510799572056765E-0011
50 10 3.63499 0.599999 +.14003271885719155E-0014
60 10 3.63499 0.599999 +.72891689443952370E-0016
70 10 3.63499 0.599999 +.48345931390628953E-0016
10 10 3.64999 0.299999 +.39181384485845800E-0002
20 10 3.64999 0.299999 +.13124170759014963E-0005
30 10 3.64999 0.299999 +.27257752260826615E-0008
40 10 3.64999 0.299999 +.10785545688646811E-0011
50 10 3.64999 0.299999 +.16826072749522243E-0014
60 10 3.64999 0.299999 +.10706378300533988E-0015
70 10 3.64999 0.299999 +.10991993046471012E-0015
10 10 3.64999 0.4 +.10741674579666738E-0002
20 10 3.64999 0.4 +.17291952043709932E-0005
30 10 3.64999 0.4 +.19613544598787051E-0008
40 10 3.64999 0.4 +.19474720493310424E-0011
50 10 3.64999 0.4 +.12799330770290272E-0014
60 10 3.64999 0.4 +.10623474740155672E-0015
70 10 3.64999 0.4 +.10623474740155672E-0015
10 10 3.64999 0.5 +.39091087374751428E-0002
20 10 3.64999 0.5 -1
30 10 3.64999 0.5 +.86940573452993210E-0005
40 10 3.64999 0.5 -1
50 10 3.64999 0.5 +.71396922739345939E-0008
60 10 3.64999 0.5 +.13254578273801735E-0009
70 10 3.64999 0.5 -1
10 10 3.64999 0.599999 +.26553704988133671E-0002
20 10 3.64999 0.599999 +.22311108949788351E-0005
30 10 3.64999 0.599999 +.13765465801153493E-0008
40 10 3.64999 0.599999 +.13126209368474738E-0011
50 10 3.64999 0.599999 +.21469522245631466E-0014
60 10 3.64999 0.599999 +.10623474740155672E-0015
70 10 3.64999 0.599999 +.10623474740155672E-0015
10 10 3.7 0.299999 +.29533872843456584E-0002
20 10 3.7 0.299999 +.10712393337684017E-0005
30 10 3.7 0.299999 +.11764771683882919E-0008
40 10 3.7 0.299999 +.80621500192603352E-0012
50 10 3.7 0.299999 +.20488749876926350E-0014
60 10 3.7 0.299999 +.11091491267920042E-0015
70 10 3.7 0.299999 +.14482777425145144E-0015
10 10 3.7 0.4 +.22760690585091864E-0002
20 10 3.7 0.4 +.13063588591283845E-0005
30 10 3.7 0.4 +.19963351032041965E-0008
40 10 3.7 0.4 +.21061473190993087E-0011
50 10 3.7 0.4 +.17050531278062327E-0014
60 10 3.7 0.4 +.62849347166401597E-0016
70 10 3.7 0.4 +.62849347166401597E-0016
10 10 3.7 0.5 +.75635168874466390E-0002
20 10 3.7 0.5 -1
30 10 3.7 0.5 +.80254717687510004E-0005
40 10 3.7 0.5 -1
50 10 3.7 0.5 +.67691467871067822E-0008
60 10 3.7 0.5 -1
70 10 3.7 0.5 -1
10 10 3.7 0.599999 +.11095608705078524E-0002
20 10 3.7 0.599999 +.15487269496464124E-0005
30 10 3.7 0.599999 +.13225606154873605E-0008
40 10 3.7 0.599999 +.17628484273244420E-0011
50 10 3.7 0.599999 +.13831744997239397E-0014
60 10 3.7 0.599999 +.62849347166401597E-0016
70 10 3.7 0.599999 +.62849347166401597E-0016
10 10 3.75 0.299999 +.10984855708270412E-0002
20 10 3.75 0.299999 +.11946524475098699E-0005
30 10 3.75 0.299999 +.20720449709073397E-0008
40 10 3.75 0.299999 +.10087787357889732E-0011
50 10 3.75 0.299999 +.89462663401163619E-0015
60 10 3.75 0.299999 +.10560195055112712E-0015
70 10 3.75 0.299999 +.10058999939577038E-0015
10 10 3.75 0.4 -1
20 10 3.75 0.4 +.42776762886754203E-0005
30 10 3.75 0.4 +.69664314182619337E-0009
40 10 3.75 0.4 +.51631969026389143E-0011
50 10 3.75 0.4 +.25138029188948613E-0014
60 10 3.75 0.4 +.20681488586707677E-0015
70 10 3.75 0.4 +.16054541149505748E-0015
10 10 3.75 0.5 -1
20 10 3.75 0.5 -1
30 10 3.75 0.5 -1
40 10 3.75 0.5 -1
50 10 3.75 0.5 +.25407467633266417E-0008
60 10 3.75 0.5 +.19091343773026755E-0009
70 10 3.75 0.5 +.19091343773026755E-0009
10 10 3.75 0.599999 +.39990262093994486E-0002
20 10 3.75 0.599999 +.52590668753870797E-0005
30 10 3.75 0.599999 +.26543038263725288E-0008
40 10 3.75 0.599999 +.34272029479286300E-0011
50 10 3.75 0.599999 +.58752594392707423E-0014
60 10 3.75 0.599999 +.20681488586707677E-0015
70 10 3.75 0.599999 +.16054541149505748E-0015
10 10 3.79999 0.299999 +.95306667987290079E-0002
20 10 3.79999 0.299999 +.43682218397550051E-0005
30 10 3.79999 0.299999 +.19289457370107668E-0007
40 10 3.79999 0.299999 +.12214498825884365E-0011
50 10 3.79999 0.299999 +.35064184444733872E-0014
60 10 3.79999 0.299999 +.15154062294766965E-0015
70 10 3.79999 0.299999 +.15154062294766965E-0015
10 10 3.79999 0.4 +.12546772224294944E-0002
20 10 3.79999 0.4 +.12014364444369406E-0005
30 10 3.79999 0.4 +.81800299693778108E-0009
40 10 3.79999 0.4 +.16537288747199196E-0011
50 10 3.79999 0.4 +.98796516700307502E-0015
60 10 3.79999 0.4 +.91933896742302918E-0016
70 10 3.79999 0.4 +.10918168920080139E-0015
10 10 3.79999 0.5 -1
20 10 3.79999 0.5 +.14028691079075692E-0003
30 10 3.79999 0.5 -1
40 10 3.79999 0.5 +.31726248963720852E-0006
50 10 3.79999 0.5 -1
60 10 3.79999 0.5 -1
70 10 3.79999 0.5 -1
10 10 3.79999 0.599999 +.12977882634880919E-0002
20 10 3.79999 0.599999 +.14097369766457648E-0005
30 10 3.79999 0.599999 +.94219395322636234E-0009
40 10 3.79999 0.599999 +.70799441230888967E-0012
50 10 3.79999 0.599999 +.10098360200616460E-0014
60 10 3.79999 0.599999 +.91933896742302918E-0016
70 10 3.79999 0.599999 +.10918168920080139E-0015
10 10 3.85999 0.299999 +.49240732366533472E-0002
20 10 3.85999 0.299999 +.79027691954987597E-0006
30 10 3.85999 0.299999 +.63099074105636139E-0009
40 10 3.85999 0.299999 +.74632610025626640E-0012
50 10 3.85999 0.299999 +.70567720370381497E-0015
60 10 3.85999 0.299999 +.10412421667038424E-0015
70 10 3.85999 0.299999 +.10412421667038424E-0015
10 10 3.85999 0.4 +.20670803995786299E-0002
20 10 3.85999 0.4 +.22673836906153820E-0005
30 10 3.85999 0.4 +.61363298783399954E-0009
40 10 3.85999 0.4 +.56575971150038481E-0012
50 10 3.85999 0.4 +.20072362433450803E-0014
60 10 3.85999 0.4 +.96938415473624535E-0016
70 10 3.85999 0.4 +.10602266872810731E-0015
10 10 3.85999 0.5 -1
20 10 3.85999 0.5 -1
30 10 3.85999 0.5 -1
40 10 3.85999 0.5 -1
50 10 3.85999 0.5 -1
60 10 3.85999 0.5 -1
70 10 3.85999 0.5 -1
10 10 3.85999 0.599999 +.25579214029747560E-0002
20 10 3.85999 0.599999 +.80260639125757516E-0006
30 10 3.85999 0.599999 +.11830860469437838E-0008
40 10 3.85999 0.599999 +.56575971150038481E-0012
50 10 3.85999 0.599999 +.54150344227708176E-0015
60 10 3.85999 0.599999 +.96938415473624535E-0016
70 10 3.85999 0.599999 +.10602266872810731E-0015
10 10 3.91 0.299999 +.13703411854986473E-0002
20 10 3.91 0.299999 +.29898795193748873E-0006
30 10 3.91 0.299999 +.11556942709929223E-0008
40 10 3.91 0.299999 +.16576256491583779E-0011
50 10 3.91 0.299999 +.10956921556659215E-0014
60 10 3.91 0.299999 +.10109729319411816E-0015
70 10 3.91 0.299999 +.10015440346847512E-0015
10 10 3.91 0.4 +.48083985059350400E-0002
20 10 3.91 0.4 +.43223655930638285E-0005
30 10 3.91 0.4 +.11332878152561331E-0008
40 10 3.91 0.4 +.72440877902519612E-0011
50 10 3.91 0.4 +.41538369984283473E-0014
60 10 3.91 0.4 +.62925481847509805E-0016
70 10 3.91 0.4 +.62925481847509805E-0016
10 10 3.91 0.5 -1
20 10 3.91 0.5 -1
30 10 3.91 0.5 -1
40 10 3.91 0.5 +.14896138714840536E-0006
50 10 3.91 0.5 -1
60 10 3.91 0.5 -1
70 10 3.91 0.5 -1
10 10 3.91 0.599999 +.48083985059350400E-0002
20 10 3.91 0.599999 +.66815943520698259E-0005
30 10 3.91 0.599999 +.11332878152561331E-0008
40 10 3.91 0.599999 +.31907784334468338E-0011
50 10 3.91 0.599999 +.20982849274779843E-0014
60 10 3.91 0.599999 +.62925481847509805E-0016
70 10 3.91 0.599999 +.62925481847509805E-0016
10 100 3.6 0.299999 +.49475721482974013E-0002
20 100 3.6 0.299999 +.50858547950869312E-0004
30 100 3.6 0.299999 +.65981106282391444E-0007
40 100 3.6 0.299999 +.22941188789984666E-0010
50 100 3.6 0.299999 +.95313061745572124E-0013
60 100 3.6 0.299999 +.11397564405941262E-0015
70 100 3.6 0.299999 +.11644308652556311E-0015
10 100 3.6 0.4 +.49475723458540911E-0002
20 100 3.6 0.4 +.32998690056668474E-0004
30 100 3.6 0.4 +.47874046557888488E-0007
40 100 3.6 0.4 +.63350005469725353E-0011
50 100 3.6 0.4 +.12441215866337456E-0013
60 100 3.6 0.4 +.10654971234820640E-0015
70 100 3.6 0.4 +.11074092951300630E-0015
10 100 3.6 0.5 -1
20 100 3.6 0.5 +.13086590825590355E-0003
30 100 3.6 0.5 -1
40 100 3.6 0.5 +.39826769720221511E-0006
50 100 3.6 0.5 -1
60 100 3.6 0.5 -1
70 100 3.6 0.5 -1
10 100 3.6 0.599999 +.54358536657446950E-0002
20 100 3.6 0.599999 +.17382583194041752E-0004
30 100 3.6 0.599999 +.64231015357464459E-0008
40 100 3.6 0.599999 +.55747891684726365E-0011
50 100 3.6 0.599999 +.45849268794986552E-0014
60 100 3.6 0.599999 +.10654971234820640E-0015
70 100 3.6 0.599999 +.11074092951300630E-0015
10 100 3.63499 0.299999 -1
20 100 3.63499 0.299999 +.49142026991076003E-0004
30 100 3.63499 0.299999 +.45394396317349360E-0007
40 100 3.63499 0.299999 +.13683836624155808E-0009
50 100 3.63499 0.299999 +.75274809308056090E-0013
60 100 3.63499 0.299999 +.55216527869545999E-0015
70 100 3.63499 0.299999 +.24149471171392141E-0015
10 100 3.63499 0.4 -1
20 100 3.63499 0.4 +.79872395342301407E-0004
30 100 3.63499 0.4 +.33431446748737011E-0007
40 100 3.63499 0.4 +.14533873662291071E-0010
50 100 3.63499 0.4 +.40430201689183969E-0013
60 100 3.63499 0.4 +.11042629489826575E-0015
70 100 3.63499 0.4 +.14925532517066394E-0015
10 100 3.63499 0.5 -1
20 100 3.63499 0.5 -1
30 100 3.63499 0.5 +.15273993486615080E-0005
40 100 3.63499 0.5 -1
50 100 3.63499 0.5 +.62939864001943522E-0008
60 100 3.63499 0.5 -1
70 100 3.63499 0.5 +.28878980684623402E-0011
10 100 3.63499 0.599999 +.36096784682474626E-0002
20 100 3.63499 0.599999 +.32838458763168879E-0004
30 100 3.63499 0.599999 +.33431446748737011E-0007
40 100 3.63499 0.599999 +.74237847410618454E-0010
50 100 3.63499 0.599999 +.12267060180075887E-0013
60 100 3.63499 0.599999 +.11042629489826575E-0015
70 100 3.63499 0.599999 +.14925532517066394E-0015
10 100 3.64999 0.299999 +.79563248466324341E-0002
20 100 3.64999 0.299999 +.10470242402588494E-0004
30 100 3.64999 0.299999 +.10729192073474280E-0007
40 100 3.64999 0.299999 +.94611840847360142E-0011
50 100 3.64999 0.299999 +.91716158876639496E-0014
60 100 3.64999 0.299999 +.19960724359035228E-0015
70 100 3.64999 0.299999 +.13901035780038078E-0015
10 100 3.64999 0.4 +.10713663625165582E-0002
20 100 3.64999 0.4 +.78544731124079510E-0005
30 100 3.64999 0.4 +.79327998109917622E-0008
40 100 3.64999 0.4 +.81815733204236336E-0011
50 100 3.64999 0.4 +.19540786375521659E-0013
60 100 3.64999 0.4 +.11036903925618008E-0015
70 100 3.64999 0.4 +.10731494594416161E-0015
10 100 3.64999 0.5 +.37624251533475485E-0002
20 100 3.64999 0.5 -1
30 100 3.64999 0.5 +.88007303258516282E-0005
40 100 3.64999 0.5 -1
50 100 3.64999 0.5 +.73417383411231130E-0008
60 100 3.64999 0.5 +.12940117995953602E-0009
70 100 3.64999 0.5 -1
10 100 3.64999 0.599999 +.27858626534157201E-0002
20 100 3.64999 0.599999 +.15209990598346514E-0004
30 100 3.64999 0.599999 +.68738087551855376E-0008
40 100 3.64999 0.599999 +.70480352167117288E-0011
50 100 3.64999 0.599999 +.19540786375521659E-0013
60 100 3.64999 0.599999 +.11036903925618008E-0015
70 100 3.64999 0.599999 +.10731494594416161E-0015
10 100 3.7 0.299999 +.30937876804358246E-0002
20 100 3.7 0.299999 +.10674248575273186E-0004
30 100 3.7 0.299999 +.66275151945028977E-0007
40 100 3.7 0.299999 +.44275834998232901E-0011
50 100 3.7 0.299999 +.20223914759635342E-0013
60 100 3.7 0.299999 +.10945594032850250E-0015
70 100 3.7 0.299999 +.14192227504784075E-0015
10 100 3.7 0.4 +.30938023703868727E-0002
20 100 3.7 0.4 +.45298062738391501E-0005
30 100 3.7 0.4 +.26910094560135226E-0008
40 100 3.7 0.4 +.21042101323329165E-0010
50 100 3.7 0.4 +.76682969905846733E-0013
60 100 3.7 0.4 +.45265866903423366E-0015
70 100 3.7 0.4 +.27844397529797046E-0015
10 100 3.7 0.5 +.76686661482268428E-0002
20 100 3.7 0.5 -1
30 100 3.7 0.5 +.81839075552196362E-0005
40 100 3.7 0.5 -1
50 100 3.7 0.5 +.67801178323475035E-0008
60 100 3.7 0.5 +.30282140837246051E-0009
70 100 3.7 0.5 -1
10 100 3.7 0.599999 +.30937876890289556E-0002
20 100 3.7 0.599999 +.23440852725014687E-0004
30 100 3.7 0.599999 +.16945759756104081E-0007
40 100 3.7 0.599999 +.43032561187776316E-0011
50 100 3.7 0.599999 +.36757732287433732E-0013
60 100 3.7 0.599999 +.45265866903423366E-0015
70 100 3.7 0.599999 +.27844397529797046E-0015
10 100 3.75 0.299999 +.11150349465147674E-0002
20 100 3.75 0.299999 +.34733116290578264E-0004
30 100 3.75 0.299999 +.21613183855147170E-0007
40 100 3.75 0.299999 +.87077706651106967E-0010
50 100 3.75 0.299999 +.88040440283182648E-0013
60 100 3.75 0.299999 +.11357337848476318E-0015
70 100 3.75 0.299999 +.10988543717704676E-0015
10 100 3.75 0.4 -1
20 100 3.75 0.4 +.48995094925633632E-0005
30 100 3.75 0.4 +.10277574623905759E-0007
40 100 3.75 0.4 +.79808510315549080E-0011
50 100 3.75 0.4 +.25109499218790337E-0014
60 100 3.75 0.4 +.11033209428231621E-0015
70 100 3.75 0.4 +.11064551121106644E-0015
10 100 3.75 0.5 -1
20 100 3.75 0.5 -1
30 100 3.75 0.5 -1
40 100 3.75 0.5 -1
50 100 3.75 0.5 +.24109710451823324E-0008
60 100 3.75 0.5 -1
70 100 3.75 0.5 -1
10 100 3.75 0.599999 +.38955780060869815E-0002
20 100 3.75 0.599999 +.56476234644761497E-0005
30 100 3.75 0.599999 +.10385466303689748E-0007
40 100 3.75 0.599999 +.18416622618692456E-0010
50 100 3.75 0.599999 +.84270707522815252E-0014
60 100 3.75 0.599999 +.11033209428231621E-0015
70 100 3.75 0.599999 +.11064551121106644E-0015
10 100 3.79999 0.299999 -1
20 100 3.79999 0.299999 +.28746420684404531E-0004
30 100 3.79999 0.299999 +.52402228436957171E-0007
40 100 3.79999 0.299999 +.14591094448109577E-0010
50 100 3.79999 0.299999 +.70584518555612745E-0013
60 100 3.79999 0.299999 +.12883730364722527E-0015
70 100 3.79999 0.299999 +.32171878335625676E-0015
10 100 3.79999 0.4 -1
20 100 3.79999 0.4 +.35307850292185742E-0005
30 100 3.79999 0.4 +.78803203157199179E-0008
40 100 3.79999 0.4 +.17596189910125059E-0008
50 100 3.79999 0.4 +.63040769726185829E-0014
60 100 3.79999 0.4 +.10881900288903746E-0015
70 100 3.79999 0.4 +.11021837218934249E-0015
10 100 3.79999 0.5 -1
20 100 3.79999 0.5 +.14257672878689618E-0003
30 100 3.79999 0.5 -1
40 100 3.79999 0.5 +.32005373783528305E-0006
50 100 3.79999 0.5 -1
60 100 3.79999 0.5 -1
70 100 3.79999 0.5 +.62190638780042600E-0011
10 100 3.79999 0.599999 -1
20 100 3.79999 0.599999 +.47684890316909277E-0004
30 100 3.79999 0.599999 +.78803203157199179E-0008
40 100 3.79999 0.599999 +.93507676825949905E-0010
50 100 3.79999 0.599999 +.18770889467847723E-0013
60 100 3.79999 0.599999 +.10881900288903746E-0015
70 100 3.79999 0.599999 +.11457744228969854E-0015
10 100 3.85999 0.299999 +.29803166819710383E-0002
20 100 3.85999 0.299999 +.55994069872467624E-0004
30 100 3.85999 0.299999 +.76408140174825081E-0007
40 100 3.85999 0.299999 +.28942321864341284E-0010
50 100 3.85999 0.299999 +.27227322471228760E-0013
60 100 3.85999 0.299999 +.10684844385710436E-0015
70 100 3.85999 0.299999 +.17936254490476113E-0015
10 100 3.85999 0.4 +.27204045472326653E-0002
20 100 3.85999 0.4 +.59626669812813302E-0004
30 100 3.85999 0.4 +.60504942748541359E-0008
40 100 3.85999 0.4 +.64349361786987536E-0011
50 100 3.85999 0.4 +.12039135739867730E-0013
60 100 3.85999 0.4 +.11063309096071312E-0015
70 100 3.85999 0.4 +.11035661794560141E-0015
10 100 3.85999 0.5 -1
20 100 3.85999 0.5 -1
30 100 3.85999 0.5 -1
40 100 3.85999 0.5 -1
50 100 3.85999 0.5 -1
60 100 3.85999 0.5 -1
70 100 3.85999 0.5 +.49640071743421698E-0011
10 100 3.85999 0.599999 -1
20 100 3.85999 0.599999 +.85923468753566758E-0005
30 100 3.85999 0.599999 +.14139913750340799E-0006
40 100 3.85999 0.599999 +.64349361786987536E-0011
50 100 3.85999 0.599999 +.10834298145581665E-0013
60 100 3.85999 0.599999 +.11063309096071312E-0015
70 100 3.85999 0.599999 +.10924310028830757E-0015
10 100 3.91 0.299999 +.21845849275134833E-0002
20 100 3.91 0.299999 +.13210721463367513E-0004
30 100 3.91 0.299999 +.80507427612467047E-0007
40 100 3.91 0.299999 +.66539708666827870E-0011
50 100 3.91 0.299999 +.72673623704616003E-0013
60 100 3.91 0.299999 +.10846504029250186E-0015
70 100 3.91 0.299999 +.21698865838534531E-0015
10 100 3.91 0.4 -1
20 100 3.91 0.4 +.78313242617521874E-0005
30 100 3.91 0.4 +.61362521288855503E-0008
40 100 3.91 0.4 +.69900221924040155E-0011
50 100 3.91 0.4 +.16105762357606597E-0013
60 100 3.91 0.4 +.10997720836657127E-0015
70 100 3.91 0.4 +.18831191973467455E-0015
10 100 3.91 0.5 -1
20 100 3.91 0.5 +.24655694905408610E-0004
30 100 3.91 0.5 -1
40 100 3.91 0.5 +.15009459263027748E-0006
50 100 3.91 0.5 -1
60 100 3.91 0.5 -1
70 100 3.91 0.5 +.34222393243334601E-0011
10 100 3.91 0.599999 -1
20 100 3.91 0.599999 +.66296405448798165E-0004
30 100 3.91 0.599999 +.61362521288855503E-0008
40 100 3.91 0.599999 +.49995922998550090E-0011
50 100 3.91 0.599999 +.30232632230397422E-0013
60 100 3.91 0.599999 +.10997720836657127E-0015
70 100 3.91 0.599999 +.62729052780217161E-0015
10 1000 3.6 0.299999 +.49475724286154528E-0002
20 1000 3.6 0.299999 +.50858580754177678E-0004
30 1000 3.6 0.299999 +.13418888706198420E-0006
40 1000 3.6 0.299999 +.25877858919836223E-0009
50 1000 3.6 0.299999 +.36482886623986427E-0012
60 1000 3.6 0.299999 +.14448061000215578E-0015
70 1000 3.6 0.299999 +.11103358609059595E-0015
80 1000 3.6 0.299999 +.11077488763446916E-0015
10 1000 3.6 0.4 +.49475724286154528E-0002
20 1000 3.6 0.4 +.13849878182565354E-0003
30 1000 3.6 0.4 +.47478731112074869E-0007
40 1000 3.6 0.4 +.76317367582142588E-0010
50 1000 3.6 0.4 +.60477695430612809E-0013
60 1000 3.6 0.4 +.70201132179419134E-0015
70 1000 3.6 0.4 +.11098492835064753E-0015
80 1000 3.6 0.4 +.11091508836554323E-0015
10 1000 3.6 0.5 -.10000000000000000E+0001
20 1000 3.6 0.5 +.13849878182565355E-0003
30 1000 3.6 0.5 -.10000000000000000E+0001
40 1000 3.6 0.5 +.39826769717336618E-0006
50 1000 3.6 0.5 -.10000000000000000E+0001
60 1000 3.6 0.5 -.10000000000000000E+0001
70 1000 3.6 0.5 -.10000000000000000E+0001
80 1000 3.6 0.5 +.10894039593811783E-0012
10 1000 3.6 0.599999 +.54358536786154528E-0002
20 1000 3.6 0.599999 +.13849878182571288E-0003
30 1000 3.6 0.599999 +.40931300674553990E-0006
40 1000 3.6 0.599999 +.76317367582142588E-0010
50 1000 3.6 0.599999 +.54720021468573608E-0013
60 1000 3.6 0.599999 +.70201132179419134E-0015
70 1000 3.6 0.599999 +.11098492835064753E-0015
80 1000 3.6 0.599999 +.11091508836554323E-0015
10 1000 3.63499 0.299999 -.10000000000000000E+0001
20 1000 3.63499 0.299999 +.24772559806348863E-0003
30 1000 3.63499 0.299999 +.12701360520872624E-0006
40 1000 3.63499 0.299999 +.32322415323298288E-0009
50 1000 3.63499 0.299999 +.16210878257685991E-0012
60 1000 3.63499 0.299999 +.39378882575603733E-0015
70 1000 3.63499 0.299999 +.11095070964654878E-0015
80 1000 3.63499 0.299999 +.11095131029709538E-0015
10 1000 3.63499 0.4 -.10000000000000000E+0001
20 1000 3.63499 0.4 -.10000000000000000E+0001
30 1000 3.63499 0.4 +.87655106784562185E-0006
40 1000 3.63499 0.4 +.92834110853869468E-0010
50 1000 3.63499 0.4 +.55207273614079903E-0012
60 1000 3.63499 0.4 +.64603437780019901E-0015
70 1000 3.63499 0.4 +.11097933067192589E-0015
80 1000 3.63499 0.4 +.11098852529052924E-0015
10 1000 3.63499 0.5 -.10000000000000000E+0001
20 1000 3.63499 0.5 -.10000000000000000E+0001
30 1000 3.63499 0.5 +.15273870921912517E-0005
40 1000 3.63499 0.5 -.10000000000000000E+0001
50 1000 3.63499 0.5 +.62939833960733836E-0008
60 1000 3.63499 0.5 -.10000000000000000E+0001
70 1000 3.63499 0.5 +.28851854820075954E-0011
80 1000 3.63499 0.5 -.10000000000000000E+0001
10 1000 3.63499 0.599999 +.36096784682474626E-0002
20 1000 3.63499 0.599999 -.10000000000000000E+0001
30 1000 3.63499 0.599999 +.87655106784562185E-0006
40 1000 3.63499 0.599999 +.52446187567814513E-0009
50 1000 3.63499 0.599999 +.13167277309207140E-0012
60 1000 3.63499 0.599999 +.64603437780019901E-0015
70 1000 3.63499 0.599999 +.11097933067192589E-0015
80 1000 3.63499 0.599999 +.11098852529052924E-0015
10 1000 3.7 0.299999 +.30937876890289810E-0002
20 1000 3.7 0.299999 +.20908389981697985E-0004
30 1000 3.7 0.299999 +.66275151932417478E-0007
40 1000 3.7 0.299999 +.95439439538406784E-0009
50 1000 3.7 0.299999 +.16756259092795190E-0012
60 1000 3.7 0.299999 +.19244876715552125E-0015
70 1000 3.7 0.299999 +.12608722683626729E-0015
80 1000 3.7 0.299999 +.16841208209155729E-0015
10 1000 3.7 0.4 +.30938023703868727E-0002
20 1000 3.7 0.4 +.48288776953747619E-0004
30 1000 3.7 0.4 +.48867902525103780E-0007
40 1000 3.7 0.4 +.62838858108691131E-0010
50 1000 3.7 0.4 +.11468509190567285E-0011
60 1000 3.7 0.4 +.97215402306439145E-0015
70 1000 3.7 0.4 +.11074975705748447E-0015
80 1000 3.7 0.4 +.11098561084229945E-0015
10 1000 3.7 0.5 +.76686661482268428E-0002
20 1000 3.7 0.5 -.10000000000000000E+0001
30 1000 3.7 0.5 +.81839075552196350E-0005
40 1000 3.7 0.5 -.10000000000000000E+0001
50 1000 3.7 0.5 +.67801178323475029E-0008
60 1000 3.7 0.5 +.30282140837246011E-0009
70 1000 3.7 0.5 -.10000000000000000E+0001
80 1000 3.7 0.5 -.10000000000000000E+0001
10 1000 3.7 0.599999 +.30937876890289810E-0002
20 1000 3.7 0.599999 +.23900813999189673E-0004
30 1000 3.7 0.599999 +.54453348615349898E-0007
40 1000 3.7 0.599999 +.35287648095325431E-0010
50 1000 3.7 0.599999 +.15402123728225370E-0012
60 1000 3.7 0.599999 +.97215402306439145E-0015
70 1000 3.7 0.599999 +.11074975705748447E-0015
80 1000 3.7 0.599999 +.11098561084229945E-0015
10 1000 3.75 0.299999 +.11150349465147674E-0002
20 1000 3.75 0.299999 +.52039404494313359E-0004
30 1000 3.75 0.299999 +.55347232661649502E-0007
40 1000 3.75 0.299999 +.24729036538657974E-0009
50 1000 3.75 0.299999 +.17166509696873642E-0012
60 1000 3.75 0.299999 +.11357337888459815E-0015
70 1000 3.75 0.299999 +.11077181086301080E-0015
80 1000 3.75 0.299999 +.11165547225245409E-0015
10 1000 3.75 0.4 -.10000000000000000E+0001
20 1000 3.75 0.4 +.72633343621314755E-0004
30 1000 3.75 0.4 +.12582871704032263E-0005
40 1000 3.75 0.4 +.13927003754082972E-0009
50 1000 3.75 0.4 +.58449549068659576E-0012
60 1000 3.75 0.4 +.11069632266614641E-0015
70 1000 3.75 0.4 +.11078373736372680E-0015
80 1000 3.75 0.4 +.18684797005413394E-0015
10 1000 3.75 0.5 -.10000000000000000E+0001
20 1000 3.75 0.5 -.10000000000000000E+0001
30 1000 3.75 0.5 -.10000000000000000E+0001
40 1000 3.75 0.5 -.10000000000000000E+0001
50 1000 3.75 0.5 +.24109710451823324E-0008
60 1000 3.75 0.5 -.10000000000000000E+0001
70 1000 3.75 0.5 -.10000000000000000E+0001
80 1000 3.75 0.5 +.53195891150784941E-0013
10 1000 3.75 0.599999 +.38955780060878393E-0002
20 1000 3.75 0.599999 +.72633343621314755E-0004
30 1000 3.75 0.599999 +.15749256315558201E-0006
40 1000 3.75 0.599999 +.44920094643256390E-0010
50 1000 3.75 0.599999 +.20855295382107543E-0012
60 1000 3.75 0.599999 +.11069632266614641E-0015
70 1000 3.75 0.599999 +.11078373736372680E-0015
80 1000 3.75 0.599999 +.18684797005413394E-0015
10 1000 3.79999 0.299999 -.10000000000000000E+0001
20 1000 3.79999 0.299999 +.29945490103311994E-0003
30 1000 3.79999 0.299999 +.95508044044797845E-0007
40 1000 3.79999 0.299999 +.51652338257437259E-0010
50 1000 3.79999 0.299999 +.10185953540695060E-0012
60 1000 3.79999 0.299999 +.14771818006576226E-0015
70 1000 3.79999 0.299999 +.15775877932063696E-0015
80 1000 3.79999 0.299999 +.41256371468517043E-0015
10 1000 3.79999 0.4 -.10000000000000000E+0001
20 1000 3.79999 0.4 +.79066425476203853E-0004
30 1000 3.79999 0.4 +.90052574327235616E-0006
40 1000 3.79999 0.4 +.17597647766910891E-0008
50 1000 3.79999 0.4 +.69567923076234416E-0013
60 1000 3.79999 0.4 +.12452035874118062E-0015
70 1000 3.79999 0.4 +.12907510684745190E-0015
80 1000 3.79999 0.4 +.14098554920268789E-0015
10 1000 3.79999 0.5 -.10000000000000000E+0001
20 1000 3.79999 0.5 +.29945490103311994E-0003
30 1000 3.79999 0.5 -.10000000000000000E+0001
40 1000 3.79999 0.5 +.32005373783528305E-0006
50 1000 3.79999 0.5 -.10000000000000000E+0001
60 1000 3.79999 0.5 -.10000000000000000E+0001
70 1000 3.79999 0.5 +.62190638780038634E-0011
80 1000 3.79999 0.5 -.10000000000000000E+0001
10 1000 3.79999 0.599999 -.10000000000000000E+0001
20 1000 3.79999 0.599999 +.14880365238443477E-0003
30 1000 3.79999 0.599999 +.90052574327235616E-0006
40 1000 3.79999 0.599999 +.56115714939507427E-0009
50 1000 3.79999 0.599999 +.76405920757475407E-0013
60 1000 3.79999 0.599999 +.12452035874118062E-0015
70 1000 3.79999 0.599999 +.11208919357218353E-0015
80 1000 3.79999 0.599999 +.14098554920268789E-0015
10 1000 3.85999 0.299999 +.29803166819710383E-0002
20 1000 3.85999 0.299999 +.55994069872465677E-0004
30 1000 3.85999 0.299999 +.18065155044422849E-0006
40 1000 3.85999 0.299999 +.66801881364863918E-0010
50 1000 3.85999 0.299999 +.12278419430746071E-0011
60 1000 3.85999 0.299999 +.68694095261632589E-0015
70 1000 3.85999 0.299999 +.11099014560232613E-0015
80 1000 3.85999 0.299999 +.11080931035457823E-0015
10 1000 3.85999 0.4 +.27204045472326653E-0002
20 1000 3.85999 0.4 +.59626669812815693E-0004
30 1000 3.85999 0.4 +.77072056244120841E-0006
40 1000 3.85999 0.4 +.11005258669192124E-0008
50 1000 3.85999 0.4 +.20294397633280292E-0012
60 1000 3.85999 0.4 +.13776053952851000E-0014
70 1000 3.85999 0.4 +.11080003986916863E-0015
80 1000 3.85999 0.4 +.11076458904023177E-0015
10 1000 3.85999 0.5 -.10000000000000000E+0001
20 1000 3.85999 0.5 -.10000000000000000E+0001
30 1000 3.85999 0.5 -.10000000000000000E+0001
40 1000 3.85999 0.5 -.10000000000000000E+0001
50 1000 3.85999 0.5 -.10000000000000000E+0001
60 1000 3.85999 0.5 -.10000000000000000E+0001
70 1000 3.85999 0.5 +.49640071743744878E-0011
80 1000 3.85999 0.5 -.10000000000000000E+0001
10 1000 3.85999 0.599999 -.10000000000000000E+0001
20 1000 3.85999 0.599999 +.25157195303488501E-0004
30 1000 3.85999 0.599999 +.27798201179552737E-0006
40 1000 3.85999 0.599999 +.11005258669192124E-0008
50 1000 3.85999 0.599999 +.50436921861301335E-0013
60 1000 3.85999 0.599999 +.13776053952851000E-0014
70 1000 3.85999 0.599999 +.11098435302555096E-0015
80 1000 3.85999 0.599999 +.11059014275509019E-0015
10 1000 3.91 0.299999 +.21845849275134855E-0002
20 1000 3.91 0.299999 +.37466150797483713E-0003
30 1000 3.91 0.299999 +.80507427602686711E-0007
40 1000 3.91 0.299999 +.58010741078442632E-0010
50 1000 3.91 0.299999 +.19549905984247257E-0012
60 1000 3.91 0.299999 +.49003747067292620E-0015
70 1000 3.91 0.299999 +.11096043825198800E-0015
80 1000 3.91 0.299999 +.11036653084553735E-0015
10 1000 3.91 0.4 -.10000000000000000E+0001
20 1000 3.91 0.4 +.37466150797483713E-0003
30 1000 3.91 0.4 -.10000000000000000E+0001
40 1000 3.91 0.4 +.80495074959453904E-0009
50 1000 3.91 0.4 +.72281327922879150E-0013
60 1000 3.91 0.4 +.12496541824004874E-0015
70 1000 3.91 0.4 +.11069631763434884E-0015
80 1000 3.91 0.4 +.11094909130504130E-0015
10 1000 3.91 0.5 -.10000000000000000E+0001
20 1000 3.91 0.5 +.21444434191082265E-0003
30 1000 3.91 0.5 -.10000000000000000E+0001
40 1000 3.91 0.5 +.15009459263027748E-0006
50 1000 3.91 0.5 -.10000000000000000E+0001
60 1000 3.91 0.5 -.10000000000000000E+0001
70 1000 3.91 0.5 +.34222393243335118E-0011
80 1000 3.91 0.5 -.10000000000000000E+0001
10 1000 3.91 0.599999 -.10000000000000000E+0001
20 1000 3.91 0.599999 +.37466150797483713E-0003
30 1000 3.91 0.599999 -.10000000000000000E+0001
40 1000 3.91 0.599999 +.66570846924182870E-0010
50 1000 3.91 0.599999 +.18233958679730600E-0012
60 1000 3.91 0.599999 +.12496541824004874E-0015
70 1000 3.91 0.599999 +.11093006844563863E-0015
80 1000 3.91 0.599999 +.11467781129655171E-0015
10 10000 3.6 0.299999 +.49475724286154528E-0002
20 10000 3.6 0.299999 +.50858580754177678E-0004
30 10000 3.6 0.299999 +.52409761385862108E-0006
40 10000 3.6 0.299999 +.23560978104852367E-0008
50 10000 3.6 0.299999 +.70293291021681345E-0012
60 10000 3.6 0.299999 +.79730711563768047E-0014
70 10000 3.6 0.299999 +.11098825874492712E-0015
10 10000 3.6 0.4 +.49475724286154528E-0002
20 10000 3.6 0.4 +.13849878182565354E-0003
30 10000 3.6 0.4 -1
40 10000 3.6 0.4 +.14284953985388713E-0008
50 10000 3.6 0.4 +.12183642422492849E-0010
60 10000 3.6 0.4 +.97529330755984857E-0014
70 10000 3.6 0.4 +.11098492835064753E-0015
10 10000 3.6 0.5 -1
20 10000 3.6 0.5 +.13849878191765635E-0003
30 10000 3.6 0.5 -1
40 10000 3.6 0.5 +.39826769717336618E-0006
50 10000 3.6 0.5 -1
60 10000 3.6 0.5 -1
70 10000 3.6 0.5 -1
10 10000 3.6 0.599999 +.54358536786154528E-0002
20 10000 3.6 0.599999 +.13849878182565354E-0003
30 10000 3.6 0.599999 +.11100487709829821E-0005
40 10000 3.6 0.599999 +.14284953985388713E-0008
50 10000 3.6 0.599999 +.78723008831992164E-0012
60 10000 3.6 0.599999 +.97529330755984857E-0014
70 10000 3.6 0.599999 +.11098492835064753E-0015
10 10000 3.63499 0.299999 -1
20 10000 3.63499 0.299999 +.26194487932137397E-0003
30 10000 3.63499 0.299999 +.34821918012639013E-0006
40 10000 3.63499 0.299999 +.99667739464836562E-0009
50 10000 3.63499 0.299999 +.52096892391235043E-0011
60 10000 3.63499 0.299999 +.13947068268735098E-0014
70 10000 3.63499 0.299999 +.16875755980177707E-0014
10 10000 3.63499 0.4 -1
20 10000 3.63499 0.4 -1
30 10000 3.63499 0.4 +.21360109366709650E-0005
40 10000 3.63499 0.4 +.16975722485700137E-0007
50 10000 3.63499 0.4 +.65833138527129027E-0011
60 10000 3.63499 0.4 +.87621220163270730E-0013
70 10000 3.63499 0.4 +.11097933298404129E-0015
10 10000 3.63499 0.5 -1
20 10000 3.63499 0.5 -1
30 10000 3.63499 0.5 +.15273870921912517E-0005
40 10000 3.63499 0.5 -1
50 10000 3.63499 0.5 +.62939833960733836E-0008
60 10000 3.63499 0.5 -1
70 10000 3.63499 0.5 +.28851854820075954E-0011
10 10000 3.63499 0.599999 +.36096784682474626E-0002
20 10000 3.63499 0.599999 -1
30 10000 3.63499 0.599999 +.21360109366709650E-0005
40 10000 3.63499 0.599999 +.78620063951410585E-0008
50 10000 3.63499 0.599999 +.39540651285352135E-0011
60 10000 3.63499 0.599999 +.87621220163270730E-0013
70 10000 3.63499 0.599999 +.11097933298404129E-0015
10 10000 3.64999 0.299999 +.79563248466544627E-0002
20 10000 3.64999 0.299999 -1
30 10000 3.64999 0.299999 +.47844647048706330E-0005
40 10000 3.64999 0.299999 +.76259814312414070E-0008
50 10000 3.64999 0.299999 +.95741270559765656E-0012
60 10000 3.64999 0.299999 +.17814680383502874E-0014
70 10000 3.64999 0.299999 +.11098435861505552E-0015
10 10000 3.64999 0.4 +.10713663625165582E-0002
20 10000 3.64999 0.4 +.23710881720845692E-0003
30 10000 3.64999 0.4 +.30179374943466088E-0006
40 10000 3.64999 0.4 +.47020366429049054E-0009
50 10000 3.64999 0.4 +.30479872795559993E-0011
60 10000 3.64999 0.4 +.69237008519650755E-0015
70 10000 3.64999 0.4 +.11098871767134404E-0015
10 10000 3.64999 0.5 +.37624251533455373E-0002
20 10000 3.64999 0.5 -1
30 10000 3.64999 0.5 +.88007303258464918E-0005
40 10000 3.64999 0.5 -1
50 10000 3.64999 0.5 +.73417383411284770E-0008
60 10000 3.64999 0.5 +.12940117993373027E-0009
70 10000 3.64999 0.5 -1
10 10000 3.64999 0.599999 +.27858626533455373E-0002
20 10000 3.64999 0.599999 +.23710881720845692E-0003
30 10000 3.64999 0.599999 +.83369316836879835E-0005
40 10000 3.64999 0.599999 +.54006708694894817E-0009
50 10000 3.64999 0.599999 +.30479872795559993E-0011
60 10000 3.64999 0.599999 +.69237008519650755E-0015
70 10000 3.64999 0.599999 +.11098871767134404E-0015
10 10000 3.7 0.299999 +.30937876890289810E-0002
20 10000 3.7 0.299999 +.20908389981697985E-0004
30 10000 3.7 0.299999 +.18211205498528255E-0005
40 10000 3.7 0.299999 +.95439439538406784E-0009
50 10000 3.7 0.299999 +.43800026265798720E-0012
60 10000 3.7 0.299999 +.59723541449034003E-0014
70 10000 3.7 0.299999 +.21436665951888323E-0014
10 10000 3.7 0.4 +.30938023703868727E-0002
20 10000 3.7 0.4 +.48288776953747619E-0004
30 10000 3.7 0.4 +.72505513202527575E-0006
40 10000 3.7 0.4 +.27067659585000107E-0009
50 10000 3.7 0.4 +.11468509190567285E-0011
60 10000 3.7 0.4 +.77751994854687166E-0015
70 10000 3.7 0.4 +.11098492873633843E-0015
10 10000 3.7 0.5 +.76686661482268428E-0002
20 10000 3.7 0.5 -1
30 10000 3.7 0.5 +.81839075552196350E-0005
40 10000 3.7 0.5 -1
50 10000 3.7 0.5 +.67801178323475029E-0008
60 10000 3.7 0.5 +.30282140837246011E-0009
70 10000 3.7 0.5 -1
10 10000 3.7 0.599999 +.30937876890289810E-0002
20 10000 3.7 0.599999 +.23900813999189673E-0004
30 10000 3.7 0.599999 +.13374422440658077E-0005
40 10000 3.7 0.599999 +.40035746758519272E-0008
50 10000 3.7 0.599999 +.37078402918119364E-0012
60 10000 3.7 0.599999 +.77751994854687166E-0015
70 10000 3.7 0.599999 +.11098492873633843E-0015
10 10000 3.75 0.299999 +.11150349465147674E-0002
20 10000 3.75 0.299999 +.78469119567527043E-0004
30 10000 3.75 0.299999 +.99691044402815494E-0006
40 10000 3.75 0.299999 +.18551559944383383E-0008
50 10000 3.75 0.299999 +.74870130940544329E-0012
60 10000 3.75 0.299999 +.97995934847942148E-0014
70 10000 3.75 0.299999 +.13774255184527848E-0015
10 10000 3.75 0.4 -1
20 10000 3.75 0.4 +.78469119567527043E-0004
30 10000 3.75 0.4 +.12833774663973285E-0005
40 10000 3.75 0.4 +.62388804776266404E-0009
50 10000 3.75 0.4 +.58449650884448861E-0012
60 10000 3.75 0.4 +.32274656632412387E-0014
70 10000 3.75 0.4 +.11099427373520563E-0015
10 10000 3.75 0.5 -1
20 10000 3.75 0.5 -1
30 10000 3.75 0.5 -1
40 10000 3.75 0.5 -1
50 10000 3.75 0.5 +.24109710451823324E-0008
60 10000 3.75 0.5 -1
70 10000 3.75 0.5 -1
10 10000 3.75 0.599999 +.38955780060878393E-0002
20 10000 3.75 0.599999 +.78469119567527043E-0004
30 10000 3.75 0.599999 +.12833774663973285E-0005
40 10000 3.75 0.599999 +.95909465610194307E-0009
50 10000 3.75 0.599999 +.52320625318842141E-0011
60 10000 3.75 0.599999 +.32274656632412387E-0014
70 10000 3.75 0.599999 +.11099427373520563E-0015
10 10000 3.79999 0.299999 -1
20 10000 3.79999 0.299999 +.29945490103311994E-0003
30 10000 3.79999 0.299999 +.18381722143496131E-0005
40 10000 3.79999 0.299999 +.34207443577142568E-0009
50 10000 3.79999 0.299999 +.17849838393910181E-0010
60 10000 3.79999 0.299999 +.16709699682262118E-0014
70 10000 3.79999 0.299999 +.11320245106012393E-0015
10 10000 3.79999 0.4 -1
20 10000 3.79999 0.4 +.29945490103311994E-0003
30 10000 3.79999 0.4 -1
40 10000 3.79999 0.4 +.17597647766910891E-0008
50 10000 3.79999 0.4 +.28690791996060007E-0011
60 10000 3.79999 0.4 +.33608166278882242E-0015
70 10000 3.79999 0.4 +.11119741283212858E-0014
10 10000 3.79999 0.5 -1
20 10000 3.79999 0.5 +.29945490103311994E-0003
30 10000 3.79999 0.5 -1
40 10000 3.79999 0.5 +.32005373783528305E-0006
50 10000 3.79999 0.5 -1
60 10000 3.79999 0.5 -1
70 10000 3.79999 0.5 +.62190638780038634E-0011
10 10000 3.79999 0.599999 -1
20 10000 3.79999 0.599999 +.14836894423349274E-0003
30 10000 3.79999 0.599999 -1
40 10000 3.79999 0.599999 +.76766065813881757E-0009
50 10000 3.79999 0.599999 +.10148236398074452E-0011
60 10000 3.79999 0.599999 +.33608166278882242E-0015
70 10000 3.79999 0.599999 +.11098226852266661E-0015
10 10000 3.85999 0.299999 +.29803166819710383E-0002
20 10000 3.85999 0.299999 +.55994069872465677E-0004
30 10000 3.85999 0.299999 +.10283662809750270E-0005
40 10000 3.85999 0.299999 +.13439091867056737E-0008
50 10000 3.85999 0.299999 +.15576150230617416E-0010
60 10000 3.85999 0.299999 +.14033960920750826E-0013
70 10000 3.85999 0.299999 +.11099014560232613E-0015
10 10000 3.85999 0.4 +.27204045472326653E-0002
20 10000 3.85999 0.4 +.59626669812815693E-0004
30 10000 3.85999 0.4 +.15258823568609640E-0005
40 10000 3.85999 0.4 +.11005258669192124E-0008
50 10000 3.85999 0.4 +.26261924235306707E-0011
60 10000 3.85999 0.4 +.55278226906142277E-0013
70 10000 3.85999 0.4 +.11096547585743952E-0015
10 10000 3.85999 0.5 -1
20 10000 3.85999 0.5 -1
30 10000 3.85999 0.5 -1
40 10000 3.85999 0.5 -1
50 10000 3.85999 0.5 -1
60 10000 3.85999 0.5 -1
70 10000 3.85999 0.5 +.49640071743744878E-0011
10 10000 3.85999 0.599999 -1
20 10000 3.85999 0.599999 +.25157195303488501E-0004
30 10000 3.85999 0.599999 +.10295578915751411E-0005
40 10000 3.85999 0.599999 +.11005258669192124E-0008
50 10000 3.85999 0.599999 +.13666903987243066E-0011
60 10000 3.85999 0.599999 +.55278226906142277E-0013
70 10000 3.85999 0.599999 +.11099334701205099E-0015
10 10000 3.91 0.299999 +.21845849279370328E-0002
20 10000 3.91 0.299999 +.37466150797483713E-0003
30 10000 3.91 0.299999 +.13336640845761976E-0005
40 10000 3.91 0.299999 +.64931808502804089E-0008
50 10000 3.91 0.299999 +.21243641634711556E-0010
60 10000 3.91 0.299999 +.18493947403631035E-0013
70 10000 3.91 0.299999 +.93816371495942031E-0015
10 10000 3.91 0.4 -1
20 10000 3.91 0.4 +.37466150797483713E-0003
30 10000 3.91 0.4 -1
40 10000 3.91 0.4 +.80495074959453904E-0009
50 10000 3.91 0.4 +.50130133541777743E-0012
60 10000 3.91 0.4 +.58430366063658015E-0015
70 10000 3.91 0.4 +.30718344286172996E-0015
10 10000 3.91 0.5 -1
20 10000 3.91 0.5 +.21444422281861003E-0003
30 10000 3.91 0.5 -1
40 10000 3.91 0.5 +.15009459263027748E-0006
50 10000 3.91 0.5 -1
60 10000 3.91 0.5 -1
70 10000 3.91 0.5 +.34222393243335118E-0011
10 10000 3.91 0.599999 -1
20 10000 3.91 0.599999 +.37466150797483713E-0003
30 10000 3.91 0.599999 -1
40 10000 3.91 0.599999 +.61308629975061368E-0009
50 10000 3.91 0.599999 +.19373749697111873E-0011
60 10000 3.91 0.599999 +.58430366063658015E-0015
70 10000 3.91 0.599999 +.11099014164898997E-0015
10 100000 3.6 0.299999 +.49475724286154528E-0002
20 100000 3.6 0.299999 +.50858580754177678E-0004
30 100000 3.6 0.299999 +.86423104661073042E-0006
40 100000 3.6 0.299999 +.43734242551657181E-0007
50 100000 3.6 0.299999 +.49757587183066925E-0011
60 100000 3.6 0.299999 +.49116852526481629E-0013
70 100000 3.6 0.299999 +.12118436484703298E-0015
10 100000 3.6 0.4 +.49475724286154528E-0002
20 100000 3.6 0.4 +.13849878182565354E-0003
30 100000 3.6 0.4 -1
40 100000 3.6 0.4 +.18499845487865430E-0008
50 100000 3.6 0.4 +.15279193319070607E-0009
60 100000 3.6 0.4 +.97529330755984857E-0014
70 100000 3.6 0.4 +.11099124508096903E-0015
10 100000 3.6 0.5 -1
20 100000 3.6 0.5 +.13849878182565354E-0003
30 100000 3.6 0.5 -1
40 100000 3.6 0.5 +.39826769717336618E-0006
50 100000 3.6 0.5 -1
60 100000 3.6 0.5 -1
70 100000 3.6 0.5 -1
10 100000 3.6 0.599999 +.54358536786154528E-0002
20 100000 3.6 0.599999 +.13849882070865601E-0003
30 100000 3.6 0.599999 +.11100487709829821E-0005
40 100000 3.6 0.599999 +.18499845487865430E-0008
50 100000 3.6 0.599999 +.63908295163026997E-0010
60 100000 3.6 0.599999 +.97529330755984857E-0014
70 100000 3.6 0.599999 +.11099124508096903E-0015
10 100000 3.63499 0.299999 -1
20 100000 3.63499 0.299999 +.24772559806348863E-0003
30 100000 3.63499 0.299999 +.34821918012639013E-0006
40 100000 3.63499 0.299999 +.49902956416367401E-0007
50 100000 3.63499 0.299999 +.14523201197101292E-0010
60 100000 3.63499 0.299999 +.23041590097098820E-0013
70 100000 3.63499 0.299999 +.40419266441066173E-0015
10 100000 3.63499 0.4 -1
20 100000 3.63499 0.4 -1
30 100000 3.63499 0.4 +.21360109366709650E-0005
40 100000 3.63499 0.4 -1
50 100000 3.63499 0.4 +.17901945146634140E-0010
60 100000 3.63499 0.4 +.87621220163270730E-0013
70 100000 3.63499 0.4 +.11329655062720627E-0015
10 100000 3.63499 0.5 -1
20 100000 3.63499 0.5 -1
30 100000 3.63499 0.5 +.15273870921912517E-0005
40 100000 3.63499 0.5 -1
50 100000 3.63499 0.5 +.62939833960733836E-0008
60 100000 3.63499 0.5 -1
70 100000 3.63499 0.5 +.28851854820075954E-0011
10 100000 3.63499 0.599999 +.36096784682474626E-0002
20 100000 3.63499 0.599999 -1
30 100000 3.63499 0.599999 +.21360109366709650E-0005
40 100000 3.63499 0.599999 -1
50 100000 3.63499 0.599999 +.10702805744250878E-0009
60 100000 3.63499 0.599999 +.87621220163270730E-0013
70 100000 3.63499 0.599999 +.11329655062720627E-0015
10 100000 3.64999 0.299999 +.79563248466544627E-0002
20 100000 3.64999 0.299999 -1
30 100000 3.64999 0.299999 +.47844647048706330E-0005
40 100000 3.64999 0.299999 +.18721027559445726E-0007
50 100000 3.64999 0.299999 +.75149453090315048E-0010
60 100000 3.64999 0.299999 +.55003347008780383E-0014
70 100000 3.64999 0.299999 +.11480563452755631E-0015
10 100000 3.64999 0.4 +.10713663625165582E-0002
20 100000 3.64999 0.4 +.23710881720845692E-0003
30 100000 3.64999 0.4 +.30179374943466088E-0006
40 100000 3.64999 0.4 +.52416461506514901E-0007
50 100000 3.64999 0.4 +.14458810378616933E-0010
60 100000 3.64999 0.4 +.52591033037520782E-0014
70 100000 3.64999 0.4 +.11099318877417512E-0015
10 100000 3.64999 0.5 +.37624251533455373E-0002
20 100000 3.64999 0.5 -1
30 100000 3.64999 0.5 +.88007303258464918E-0005
40 100000 3.64999 0.5 -1
50 100000 3.64999 0.5 +.73417383411284770E-0008
60 100000 3.64999 0.5 +.12940117993373027E-0009
70 100000 3.64999 0.5 -1
10 100000 3.64999 0.599999 +.27858626533455373E-0002
20 100000 3.64999 0.599999 +.23710881720845692E-0003
30 100000 3.64999 0.599999 +.83369316836879835E-0005
40 100000 3.64999 0.599999 +.52416461506514901E-0007
50 100000 3.64999 0.599999 +.14458810378616933E-0010
60 100000 3.64999 0.599999 +.52591033037520782E-0014
70 100000 3.64999 0.599999 +.11099318877417512E-0015
10 100000 3.7 0.299999 +.30937876890289810E-0002
20 100000 3.7 0.299999 +.20908389981697985E-0004
30 100000 3.7 0.299999 +.18211205498528255E-0005
40 100000 3.7 0.299999 +.44652161861731109E-0008
50 100000 3.7 0.299999 +.56506112930159866E-0011
60 100000 3.7 0.299999 +.25514060218928541E-0013
70 100000 3.7 0.299999 +.11099531273623711E-0015
10 100000 3.7 0.4 +.30938023703868727E-0002
20 100000 3.7 0.4 +.48288776953747619E-0004
30 100000 3.7 0.4 +.98151466861398046E-0006
40 100000 3.7 0.4 +.44011922838927434E-0007
50 100000 3.7 0.4 +.84818387375228494E-0011
60 100000 3.7 0.4 +.52298819482518143E-0014
70 100000 3.7 0.4 +.11099275119533703E-0015
10 100000 3.7 0.5 +.76686661482268428E-0002
20 100000 3.7 0.5 -1
30 100000 3.7 0.5 +.81839075552196350E-0005
40 100000 3.7 0.5 -1
50 100000 3.7 0.5 +.67801178323475029E-0008
60 100000 3.7 0.5 +.30282140837246011E-0009
70 100000 3.7 0.5 -1
10 100000 3.7 0.599999 +.30937876890289810E-0002
20 100000 3.7 0.599999 +.23900813999189673E-0004
30 100000 3.7 0.599999 +.13374422440658077E-0005
40 100000 3.7 0.599999 +.21723052269088297E-0007
50 100000 3.7 0.599999 +.33972928482955802E-0011
60 100000 3.7 0.599999 +.52298819482518143E-0014
70 100000 3.7 0.599999 +.11099275119533703E-0015
10 100000 3.75 0.299999 +.11150349465147674E-0002
20 100000 3.75 0.299999 +.78469119567527043E-0004
30 100000 3.75 0.299999 +.12833774663973285E-0005
40 100000 3.75 0.299999 +.32830332784687069E-0008
50 100000 3.75 0.299999 +.31727509669295878E-0011
60 100000 3.75 0.299999 +.14741722642678314E-0012
70 100000 3.75 0.299999 +.11099590900384414E-0015
10 100000 3.75 0.4 -1
20 100000 3.75 0.4 +.78469119567527043E-0004
30 100000 3.75 0.4 +.12833774663973285E-0005
40 100000 3.75 0.4 +.30813803323396611E-0007
50 100000 3.75 0.4 +.18993999597456422E-0009
60 100000 3.75 0.4 +.83737370432965108E-0014
70 100000 3.75 0.4 +.30534654474681899E-0015
10 100000 3.75 0.5 -1
20 100000 3.75 0.5 -1
30 100000 3.75 0.5 -1
40 100000 3.75 0.5 -1
50 100000 3.75 0.5 +.24109710451823324E-0008
60 100000 3.75 0.5 -1
70 100000 3.75 0.5 -1
10 100000 3.75 0.599999 +.38955780060878393E-0002
20 100000 3.75 0.599999 +.78469119567527043E-0004
30 100000 3.75 0.599999 +.12833774663973285E-0005
40 100000 3.75 0.599999 +.22723639512074537E-0008
50 100000 3.75 0.599999 +.63459555170707191E-0011
60 100000 3.75 0.599999 +.83737370432965108E-0014
70 100000 3.75 0.599999 +.30534654474681899E-0015
10 100000 3.79999 0.299999 -1
20 100000 3.79999 0.299999 +.29945490103311994E-0003
30 100000 3.79999 0.299999 +.18381722143496131E-0005
40 100000 3.79999 0.299999 +.38551678605843515E-0007
50 100000 3.79999 0.299999 +.17849838393910181E-0010
60 100000 3.79999 0.299999 +.15010088398990773E-0012
70 100000 3.79999 0.299999 +.11099483722728708E-0015
10 100000 3.79999 0.4 -1
20 100000 3.79999 0.4 +.29945490103311994E-0003
30 100000 3.79999 0.4 -1
40 100000 3.79999 0.4 +.77654565933230044E-0008
50 100000 3.79999 0.4 +.65539178832740737E-0010
60 100000 3.79999 0.4 +.57653224751947978E-0014
70 100000 3.79999 0.4 +.11099446885793163E-0015
10 100000 3.79999 0.5 -1
20 100000 3.79999 0.5 +.29945490103311994E-0003
30 100000 3.79999 0.5 -1
40 100000 3.79999 0.5 +.32005373783528305E-0006
50 100000 3.79999 0.5 -1
60 100000 3.79999 0.5 -1
70 100000 3.79999 0.5 +.62190638780038634E-0011
10 100000 3.79999 0.599999 -1
20 100000 3.79999 0.599999 +.14829519051961444E-0003
30 100000 3.79999 0.599999 -1
40 100000 3.79999 0.599999 +.26006203534905213E-0007
50 100000 3.79999 0.599999 +.49992369508598319E-0011
60 100000 3.79999 0.599999 +.57653224751947978E-0014
70 100000 3.79999 0.599999 +.11099395134646480E-0015
10 100000 3.85999 0.299999 +.29803166819710383E-0002
20 100000 3.85999 0.299999 +.55994069872465677E-0004
30 100000 3.85999 0.299999 +.10283662809750270E-0005
40 100000 3.85999 0.299999 +.33010421042109921E-0007
50 100000 3.85999 0.299999 +.15576150230617416E-0010
60 100000 3.85999 0.299999 +.46179400984786577E-0013
70 100000 3.85999 0.299999 +.12463451663903134E-0015
10 100000 3.85999 0.4 +.27204045472326653E-0002
20 100000 3.85999 0.4 +.59626669812815693E-0004
30 100000 3.85999 0.4 +.15258823568609640E-0005
40 100000 3.85999 0.4 -1
50 100000 3.85999 0.4 +.30397578574187792E-0010
60 100000 3.85999 0.4 +.55278226906142277E-0013
70 100000 3.85999 0.4 +.11099563079398163E-0015
10 100000 3.85999 0.5 -1
20 100000 3.85999 0.5 -1
30 100000 3.85999 0.5 -1
40 100000 3.85999 0.5 -1
50 100000 3.85999 0.5 -1
60 100000 3.85999 0.5 -1
70 100000 3.85999 0.5 +.49640071743744878E-0011
10 100000 3.85999 0.599999 -1
20 100000 3.85999 0.599999 +.25157195303488501E-0004
30 100000 3.85999 0.599999 +.10295578915751411E-0005
40 100000 3.85999 0.599999 -1
50 100000 3.85999 0.599999 +.64819133042088782E-0011
60 100000 3.85999 0.599999 +.55278226906142277E-0013
70 100000 3.85999 0.599999 +.43220358743686910E-0015
10 100000 3.91 0.299999 +.21845849275430695E-0002
20 100000 3.91 0.299999 +.37466150797483713E-0003
30 100000 3.91 0.299999 +.13336640845761976E-0005
40 100000 3.91 0.299999 +.13347619304397868E-0007
50 100000 3.91 0.299999 +.21243641634711556E-0010
60 100000 3.91 0.299999 +.18493947403631035E-0013
70 100000 3.91 0.299999 +.11099558770626389E-0015
10 100000 3.91 0.4 -1
20 100000 3.91 0.4 +.37466150797483713E-0003
30 100000 3.91 0.4 -1
40 100000 3.91 0.4 +.16415343868777344E-0007
50 100000 3.91 0.4 +.22662953337578993E-0011
60 100000 3.91 0.4 +.36998536290689512E-0012
70 100000 3.91 0.4 +.12856955352471199E-0015
10 100000 3.91 0.5 -1
20 100000 3.91 0.5 +.21444422286383009E-0003
30 100000 3.91 0.5 -1
40 100000 3.91 0.5 +.15009459263027748E-0006
50 100000 3.91 0.5 -1
60 100000 3.91 0.5 -1
70 100000 3.91 0.5 +.34222393243335118E-0011
10 100000 3.91 0.599999 -1
20 100000 3.91 0.599999 +.37466150797483713E-0003
30 100000 3.91 0.599999 -1
40 100000 3.91 0.599999 +.48952975829019939E-0008
50 100000 3.91 0.599999 +.60653765380606714E-0011
60 100000 3.91 0.599999 +.36998536290689512E-0012
70 100000 3.91 0.599999 +.11099443430490647E-0015
10 1000000 3.6 0.299999 +.49475724286154528E-0002
20 1000000 3.6 0.299999 +.50858580754177678E-0004
30 1000000 3.6 0.299999 +.86423104661073042E-0006
40 1000000 3.6 0.299999 +.10803402852740601E-0006
50 1000000 3.6 0.299999 +.81572665286085441E-0010
60 1000000 3.6 0.299999 +.11151677887925613E-0012
70 1000000 3.6 0.299999 +.36455697002053665E-0015
10 1000000 3.6 0.4 +.49475724286154528E-0002
20 1000000 3.6 0.4 +.13849878182565354E-0003
30 1000000 3.6 0.4 -1
40 1000000 3.6 0.4 +.10803402852740601E-0006
50 1000000 3.6 0.4 +.17577029715305480E-0009
60 1000000 3.6 0.4 +.60705717694172946E-0013
70 1000000 3.6 0.4 +.18448422497669379E-0015
10 1000000 3.6 0.5 -1
20 1000000 3.6 0.5 +.13849878182565354E-0003
30 1000000 3.6 0.5 -1
40 1000000 3.6 0.5 +.39826769717336618E-0006
50 1000000 3.6 0.5 -1
60 1000000 3.6 0.5 -1
70 1000000 3.6 0.5 -1
10 1000000 3.6 0.599999 +.54358536786154528E-0002
20 1000000 3.6 0.599999 +.13849878182565354E-0003
30 1000000 3.6 0.599999 +.11100487709829821E-0005
40 1000000 3.6 0.599999 +.10803402852740601E-0006
50 1000000 3.6 0.599999 +.12946925381970166E-0008
60 1000000 3.6 0.599999 +.60705717694172946E-0013
70 1000000 3.6 0.599999 +.18448422497669379E-0015
10 1000000 3.63499 0.299999 -1
20 1000000 3.63499 0.299999 +.24913143938290280E-0003
30 1000000 3.63499 0.299999 +.34821918012639013E-0006
40 1000000 3.63499 0.299999 +.32765218532281298E-0006
50 1000000 3.63499 0.299999 +.28927760340114627E-0009
60 1000000 3.63499 0.299999 +.17010101276805617E-0012
70 1000000 3.63499 0.299999 +.12126453174428630E-0015
10 1000000 3.63499 0.4 -1
20 1000000 3.63499 0.4 -1
30 1000000 3.63499 0.4 +.21360109366709650E-0005
40 1000000 3.63499 0.4 -1
50 1000000 3.63499 0.4 +.79611061272273670E-0009
60 1000000 3.63499 0.4 +.52301435109131333E-0012
70 1000000 3.63499 0.4 +.87367889642775939E-0015
10 1000000 3.63499 0.5 -1
20 1000000 3.63499 0.5 -1
30 1000000 3.63499 0.5 +.15273870921912517E-0005
40 1000000 3.63499 0.5 -1
50 1000000 3.63499 0.5 +.62939833960733836E-0008
60 1000000 3.63499 0.5 -1
70 1000000 3.63499 0.5 +.28851854820075954E-0011
10 1000000 3.63499 0.599999 +.36096784682474626E-0002
20 1000000 3.63499 0.599999 -1
30 1000000 3.63499 0.599999 +.21360109366709650E-0005
40 1000000 3.63499 0.599999 -1
50 1000000 3.63499 0.599999 +.65080995841618402E-0009
60 1000000 3.63499 0.599999 +.52301435109131333E-0012
70 1000000 3.63499 0.599999 +.87367889642775939E-0015
10 1000000 3.64999 0.299999 +.79563248466544627E-0002
20 1000000 3.64999 0.299999 -1
30 1000000 3.64999 0.299999 +.47844647048706330E-0005
40 1000000 3.64999 0.299999 +.19216076423844806E-0006
50 1000000 3.64999 0.299999 +.28198600108750052E-0008
60 1000000 3.64999 0.299999 +.94339695335933757E-0013
70 1000000 3.64999 0.299999 +.33329837733368763E-0015
10 1000000 3.64999 0.4 +.10713663625165582E-0002
20 1000000 3.64999 0.4 +.23710881720845692E-0003
30 1000000 3.64999 0.4 +.30179374943466088E-0006
40 1000000 3.64999 0.4 +.19216076423844806E-0006
50 1000000 3.64999 0.4 +.14071120244489372E-0009
60 1000000 3.64999 0.4 +.24060301205653795E-0012
70 1000000 3.64999 0.4 +.27456177919507765E-0015
10 1000000 3.64999 0.5 +.37624251533455373E-0002
20 1000000 3.64999 0.5 -1
30 1000000 3.64999 0.5 +.88007303258464918E-0005
40 1000000 3.64999 0.5 -1
50 1000000 3.64999 0.5 +.73417383411284770E-0008
60 1000000 3.64999 0.5 +.12940117993373027E-0009
70 1000000 3.64999 0.5 -1
10 1000000 3.64999 0.599999 +.27858626533455373E-0002
20 1000000 3.64999 0.599999 +.23710881720845692E-0003
30 1000000 3.64999 0.599999 +.83369316836879835E-0005
40 1000000 3.64999 0.599999 +.19216076423844806E-0006
50 1000000 3.64999 0.599999 +.14071120244489372E-0009
60 1000000 3.64999 0.599999 +.24060301205653795E-0012
70 1000000 3.64999 0.599999 +.27456177919507765E-0015
10 1000000 3.7 0.299999 +.30937876890289810E-0002
20 1000000 3.7 0.299999 +.20908389981697985E-0004
30 1000000 3.7 0.299999 +.18211205498528255E-0005
40 1000000 3.7 0.299999 +.74497354828816812E-0008
50 1000000 3.7 0.299999 +.85258494372778669E-0010
60 1000000 3.7 0.299999 +.46344043920165147E-0013
70 1000000 3.7 0.299999 +.11196632985324074E-0015
10 1000000 3.7 0.4 +.30938023703868727E-0002
20 1000000 3.7 0.4 +.48288776953747619E-0004
30 1000000 3.7 0.4 +.98151466861398046E-0006
40 1000000 3.7 0.4 +.44011922838927434E-0007
50 1000000 3.7 0.4 +.47047862863664665E-0010
60 1000000 3.7 0.4 +.50261247708033662E-0013
70 1000000 3.7 0.4 +.18514887437606978E-0014
10 1000000 3.7 0.5 +.76686661482268428E-0002
20 1000000 3.7 0.5 -1
30 1000000 3.7 0.5 +.81839075552196350E-0005
40 1000000 3.7 0.5 -1
50 1000000 3.7 0.5 +.67801178323475029E-0008
60 1000000 3.7 0.5 +.30282140837246011E-0009
70 1000000 3.7 0.5 -1
10 1000000 3.7 0.599999 +.30937876890289810E-0002
20 1000000 3.7 0.599999 +.23900813999189673E-0004
30 1000000 3.7 0.599999 +.13374422440658077E-0005
40 1000000 3.7 0.599999 -1
50 1000000 3.7 0.599999 +.13069339540906225E-0008
60 1000000 3.7 0.599999 +.50261247708033662E-0013
70 1000000 3.7 0.599999 +.18514887437606978E-0014
10 1000000 3.75 0.299999 +.11150349465147674E-0002
20 1000000 3.75 0.299999 +.78469119567527043E-0004
30 1000000 3.75 0.299999 +.12833774663973285E-0005
40 1000000 3.75 0.299999 +.50527350080393274E-0007
50 1000000 3.75 0.299999 +.11571894315809563E-0007
60 1000000 3.75 0.299999 +.37233476884451755E-0012
70 1000000 3.75 0.299999 +.11330696970705008E-0015
10 1000000 3.75 0.4 -1
20 1000000 3.75 0.4 +.78469119567527043E-0004
30 1000000 3.75 0.4 +.12833774663973285E-0005
40 1000000 3.75 0.4 +.30813803323396611E-0007
50 1000000 3.75 0.4 +.18993999597456422E-0009
60 1000000 3.75 0.4 +.66481052021864041E-0012
70 1000000 3.75 0.4 +.55873592035381470E-0015
10 1000000 3.75 0.5 -1
20 1000000 3.75 0.5 -1
30 1000000 3.75 0.5 -1
40 1000000 3.75 0.5 -1
50 1000000 3.75 0.5 +.24109710451823324E-0008
60 1000000 3.75 0.5 -1
70 1000000 3.75 0.5 -1
10 1000000 3.75 0.599999 +.38955780060878393E-0002
20 1000000 3.75 0.599999 +.78469119567527043E-0004
30 1000000 3.75 0.599999 +.12833774663973285E-0005
40 1000000 3.75 0.599999 +.21279661088676174E-0007
50 1000000 3.75 0.599999 +.42783186618184914E-0010
60 1000000 3.75 0.599999 +.66481052021864041E-0012
70 1000000 3.75 0.599999 +.55873592035381470E-0015
10 1000000 3.79999 0.299999 -1
20 1000000 3.79999 0.299999 +.29945490103311994E-0003
30 1000000 3.79999 0.299999 +.18381722143496131E-0005
40 1000000 3.79999 0.299999 +.89084272746672266E-0007
50 1000000 3.79999 0.299999 +.11491005126259196E-0009
60 1000000 3.79999 0.299999 +.15010088398990773E-0012
70 1000000 3.79999 0.299999 +.17625813319657135E-0015
10 1000000 3.79999 0.4 -1
20 1000000 3.79999 0.4 +.29945490103311994E-0003
30 1000000 3.79999 0.4 -1
40 1000000 3.79999 0.4 +.23784573690931272E-0007
50 1000000 3.79999 0.4 +.65539178832740737E-0010
60 1000000 3.79999 0.4 +.29718749467388017E-0013
70 1000000 3.79999 0.4 +.15683900330409617E-0014
10 1000000 3.79999 0.5 -1
20 1000000 3.79999 0.5 +.29945490103311994E-0003
30 1000000 3.79999 0.5 -1
40 1000000 3.79999 0.5 +.32005373783528305E-0006
50 1000000 3.79999 0.5 -1
60 1000000 3.79999 0.5 -1
70 1000000 3.79999 0.5 +.62190638780038634E-0011
10 1000000 3.79999 0.599999 -1
20 1000000 3.79999 0.599999 +.14829536104062850E-0003
30 1000000 3.79999 0.599999 -1
40 1000000 3.79999 0.599999 +.89084272746672266E-0007
50 1000000 3.79999 0.599999 +.19503649072196368E-0009
60 1000000 3.79999 0.599999 +.29718749467388017E-0013
70 1000000 3.79999 0.599999 +.12889684773071907E-0015
10 1000000 3.85999 0.299999 +.29803166819710383E-0002
20 1000000 3.85999 0.299999 +.55994069872465677E-0004
30 1000000 3.85999 0.299999 +.10283662809750270E-0005
40 1000000 3.85999 0.299999 +.33010421042109921E-0007
50 1000000 3.85999 0.299999 +.19930344263844876E-0010
60 1000000 3.85999 0.299999 +.21348222560859958E-0012
70 1000000 3.85999 0.299999 +.42632331669177926E-0015
10 1000000 3.85999 0.4 +.27204045472326653E-0002
20 1000000 3.85999 0.4 +.59626669812815693E-0004
30 1000000 3.85999 0.4 +.15258823568609640E-0005
40 1000000 3.85999 0.4 -1
50 1000000 3.85999 0.4 +.44952465119865214E-0008
60 1000000 3.85999 0.4 +.70630907403368190E-0013
70 1000000 3.85999 0.4 +.13008341165240548E-0014
10 1000000 3.85999 0.5 -1
20 1000000 3.85999 0.5 -1
30 1000000 3.85999 0.5 -1
40 1000000 3.85999 0.5 -1
50 1000000 3.85999 0.5 -1
60 1000000 3.85999 0.5 -1
70 1000000 3.85999 0.5 +.49640071743744878E-0011
10 1000000 3.85999 0.599999 -1
20 1000000 3.85999 0.599999 +.25157195303488501E-0004
30 1000000 3.85999 0.599999 +.10295578915751411E-0005
40 1000000 3.85999 0.599999 -1
50 1000000 3.85999 0.599999 +.13841080212867301E-0008
60 1000000 3.85999 0.599999 +.70630907403368190E-0013
70 1000000 3.85999 0.599999 +.19330148608864750E-0014
10 1000000 3.91 0.299999 +.21845849275134861E-0002
20 1000000 3.91 0.299999 +.37466150797483713E-0003
30 1000000 3.91 0.299999 +.13336640845761976E-0005
40 1000000 3.91 0.299999 +.16415343868777344E-0007
50 1000000 3.91 0.299999 +.57531262466602992E-0009
60 1000000 3.91 0.299999 +.54220444755275479E-0012
70 1000000 3.91 0.299999 +.14391466054370882E-0015
10 1000000 3.91 0.4 -1
20 1000000 3.91 0.4 +.37466150797483713E-0003
30 1000000 3.91 0.4 -1
40 1000000 3.91 0.4 +.16415343868777344E-0007
50 1000000 3.91 0.4 +.14812916834735321E-0008
60 1000000 3.91 0.4 +.42168555626389521E-0012
70 1000000 3.91 0.4 +.16359993828002588E-0015
10 1000000 3.91 0.5 -1
20 1000000 3.91 0.5 +.21444422286830709E-0003
30 1000000 3.91 0.5 -1
40 1000000 3.91 0.5 +.25336888936267034E-0006
50 1000000 3.91 0.5 -1
60 1000000 3.91 0.5 -1
70 1000000 3.91 0.5 +.34222393243335118E-0011
10 1000000 3.91 0.599999 -1
20 1000000 3.91 0.599999 +.37466150797483713E-0003
30 1000000 3.91 0.599999 -1
40 1000000 3.91 0.599999 +.25336888936267034E-0006
50 1000000 3.91 0.599999 +.54799888642809065E-0010
60 1000000 3.91 0.599999 +.42168555626389521E-0012
70 1000000 3.91 0.599999 +.14875537669394163E-0015
10 10000000 3.6 0.299999 +.49475724286154528E-0002
20 10000000 3.6 0.299999 +.50858580754177678E-0004
30 10000000 3.6 0.299999 +.86423104661073042E-0006
40 10000000 3.6 0.299999 +.10803402852740601E-0006
50 10000000 3.6 0.299999 +.21650029042143705E-0008
60 10000000 3.6 0.299999 +.65863174590237623E-0011
70 10000000 3.6 0.299999 +.49983844189572303E-0015
80 10000000 3.6 0.299999 +.12098411033733014E-0015
10 10000000 3.6 0.4 +.49475724286154528E-0002
20 10000000 3.6 0.4 +.13849878182565358E-0003
30 10000000 3.6 0.4 -.10000000000000000E+0001
40 10000000 3.6 0.4 +.10803402852740601E-0006
50 10000000 3.6 0.4 +.21332054581590129E-0008
60 10000000 3.6 0.4 +.30695737796969380E-0011
70 10000000 3.6 0.4 +.22626499695554460E-0015
80 10000000 3.6 0.4 +.10812406963507130E-0014
10 10000000 3.6 0.5 -.10000000000000000E+0001
20 10000000 3.6 0.5 +.13849878182565354E-0003
30 10000000 3.6 0.5 -.10000000000000000E+0001
40 10000000 3.6 0.5 +.39826769717336618E-0006
50 10000000 3.6 0.5 -.10000000000000000E+0001
60 10000000 3.6 0.5 -.10000000000000000E+0001
70 10000000 3.6 0.5 -.10000000000000000E+0001
80 10000000 3.6 0.5 +.10894039593811783E-0012
10 10000000 3.6 0.599999 +.54358536786154528E-0002
20 10000000 3.6 0.599999 +.13849878182565354E-0003
30 10000000 3.6 0.599999 +.11100487709829821E-0005
40 10000000 3.6 0.599999 +.10803402852740601E-0006
50 10000000 3.6 0.599999 +.21332054581590129E-0008
60 10000000 3.6 0.599999 +.30695737796969380E-0011
70 10000000 3.6 0.599999 +.22626499695554460E-0015
80 10000000 3.6 0.599999 +.10812406963507130E-0014
10 10000000 3.63499 0.299999 -.10000000000000000E+0001
20 10000000 3.63499 0.299999 +.24772559806348863E-0003
30 10000000 3.63499 0.299999 +.34821918012639013E-0006
40 10000000 3.63499 0.299999 +.32765218532281298E-0006
50 10000000 3.63499 0.299999 +.69457175086741341E-0008
60 10000000 3.63499 0.299999 +.63724942297373046E-0011
70 10000000 3.63499 0.299999 +.40493847961001167E-0014
80 10000000 3.63499 0.299999 +.11099518172738300E-0015
10 10000000 3.63499 0.4 -.10000000000000000E+0001
20 10000000 3.63499 0.4 -.10000000000000000E+0001
30 10000000 3.63499 0.4 +.21360109366709650E-0005
40 10000000 3.63499 0.4 -.10000000000000000E+0001
50 10000000 3.63499 0.4 +.69457175086741341E-0008
60 10000000 3.63499 0.4 +.94300548741293626E-0012
70 10000000 3.63499 0.4 +.13852499363918567E-0014
80 10000000 3.63499 0.4 +.13654900140315301E-0015
10 10000000 3.63499 0.5 -.10000000000000000E+0001
20 10000000 3.63499 0.5 -.10000000000000000E+0001
30 10000000 3.63499 0.5 +.15273870921912517E-0005
40 10000000 3.63499 0.5 -.10000000000000000E+0001
50 10000000 3.63499 0.5 +.69457175086741341E-0008
60 10000000 3.63499 0.5 -.10000000000000000E+0001
70 10000000 3.63499 0.5 +.28851854820075954E-0011
80 10000000 3.63499 0.5 -.10000000000000000E+0001
10 10000000 3.63499 0.599999 +.36096784682474626E-0002
20 10000000 3.63499 0.599999 -.10000000000000000E+0001
30 10000000 3.63499 0.599999 +.21360109366709650E-0005
40 10000000 3.63499 0.599999 -.10000000000000000E+0001
50 10000000 3.63499 0.599999 +.18288545736497487E-0008
60 10000000 3.63499 0.599999 +.94300548741293626E-0012
70 10000000 3.63499 0.599999 +.13852499363918567E-0014
80 10000000 3.63499 0.599999 +.13654900140315301E-0015
10 10000000 3.7 0.299999 +.30937876890289810E-0002
20 10000000 3.7 0.299999 +.20908389981697985E-0004
30 10000000 3.7 0.299999 +.18211205498528255E-0005
40 10000000 3.7 0.299999 +.74497354828816812E-0008
50 10000000 3.7 0.299999 +.85078903893940159E-0008
60 10000000 3.7 0.299999 +.44083881900513125E-0012
70 10000000 3.7 0.299999 +.19374973423379569E-0012
80 10000000 3.7 0.299999 +.11099519121408292E-0015
10 10000000 3.7 0.4 +.30938023703868727E-0002
20 10000000 3.7 0.4 +.48288776953747619E-0004
30 10000000 3.7 0.4 +.98151466861398046E-0006
40 10000000 3.7 0.4 -.10000000000000000E+0001
50 10000000 3.7 0.4 +.17370466239841467E-0008
60 10000000 3.7 0.4 +.94270055825722934E-0011
70 10000000 3.7 0.4 +.50734250963272699E-0014
80 10000000 3.7 0.4 +.25559294068499803E-0015
10 10000000 3.7 0.5 +.76686661482268428E-0002
20 10000000 3.7 0.5 -.10000000000000000E+0001
30 10000000 3.7 0.5 +.81839075552196350E-0005
40 10000000 3.7 0.5 -.10000000000000000E+0001
50 10000000 3.7 0.5 +.85078903893940159E-0008
60 10000000 3.7 0.5 +.30282140837246011E-0009
70 10000000 3.7 0.5 -.10000000000000000E+0001
80 10000000 3.7 0.5 -.10000000000000000E+0001
10 10000000 3.7 0.599999 +.30937876890289810E-0002
20 10000000 3.7 0.599999 +.23900813999189673E-0004
30 10000000 3.7 0.599999 +.13374422440658077E-0005
40 10000000 3.7 0.599999 -.10000000000000000E+0001
50 10000000 3.7 0.599999 +.13069339540906225E-0008
60 10000000 3.7 0.599999 +.94270055825722934E-0011
70 10000000 3.7 0.599999 +.50734250963272699E-0014
80 10000000 3.7 0.599999 +.25559294068499803E-0015
10 10000000 3.75 0.299999 +.11150349465147674E-0002
20 10000000 3.75 0.299999 +.78469119567527043E-0004
30 10000000 3.75 0.299999 +.12833774663973285E-0005
40 10000000 3.75 0.299999 +.50527350080393274E-0007
50 10000000 3.75 0.299999 +.11571894315809563E-0007
60 10000000 3.75 0.299999 +.13571931217379592E-0010
70 10000000 3.75 0.299999 +.58223968776550306E-0015
80 10000000 3.75 0.299999 +.13601844467954684E-0015
10 10000000 3.75 0.4 -.10000000000000000E+0001
20 10000000 3.75 0.4 +.78469119567527043E-0004
30 10000000 3.75 0.4 +.12833774663973285E-0005
40 10000000 3.75 0.4 +.30813803323396611E-0007
50 10000000 3.75 0.4 +.18993999597456422E-0009
60 10000000 3.75 0.4 +.68039857467248807E-0011
70 10000000 3.75 0.4 +.81559873768132076E-0014
80 10000000 3.75 0.4 +.11099519233299326E-0015
10 10000000 3.75 0.5 -.10000000000000000E+0001
20 10000000 3.75 0.5 -.10000000000000000E+0001
30 10000000 3.75 0.5 -.10000000000000000E+0001
40 10000000 3.75 0.5 -.10000000000000000E+0001
50 10000000 3.75 0.5 +.35473631340988486E-0008
60 10000000 3.75 0.5 -.10000000000000000E+0001
70 10000000 3.75 0.5 -.10000000000000000E+0001
80 10000000 3.75 0.5 +.53195891150784941E-0013
10 10000000 3.75 0.599999 +.38955780060878393E-0002
20 10000000 3.75 0.599999 +.78469119567527043E-0004
30 10000000 3.75 0.599999 +.12833774663973285E-0005
40 10000000 3.75 0.599999 +.21279661088676174E-0007
50 10000000 3.75 0.599999 +.10958803141083051E-0008
60 10000000 3.75 0.599999 +.68039857467248807E-0011
70 10000000 3.75 0.599999 +.81559873768132076E-0014
80 10000000 3.75 0.599999 +.11099519233299326E-0015
10 10000000 3.79999 0.299999 -.10000000000000000E+0001
20 10000000 3.79999 0.299999 +.29945490103311994E-0003
30 10000000 3.79999 0.299999 +.18381722143496131E-0005
40 10000000 3.79999 0.299999 +.89084272746672266E-0007
50 10000000 3.79999 0.299999 +.10941143609522595E-0008
60 10000000 3.79999 0.299999 +.49845952004714955E-0012
70 10000000 3.79999 0.299999 +.12477735875545340E-0014
80 10000000 3.79999 0.299999 +.11099519528128377E-0015
10 10000000 3.79999 0.4 -.10000000000000000E+0001
20 10000000 3.79999 0.4 +.29945490103311994E-0003
30 10000000 3.79999 0.4 -.10000000000000000E+0001
40 10000000 3.79999 0.4 +.23784573690931272E-0007
50 10000000 3.79999 0.4 +.18766696360075852E-0008
60 10000000 3.79999 0.4 +.30346588995484535E-0012
70 10000000 3.79999 0.4 +.15683900330409617E-0014
80 10000000 3.79999 0.4 +.11099519424631316E-0015
10 10000000 3.79999 0.5 -.10000000000000000E+0001
20 10000000 3.79999 0.5 +.29945490103311994E-0003
30 10000000 3.79999 0.5 -.10000000000000000E+0001
40 10000000 3.79999 0.5 +.32005373783528305E-0006
50 10000000 3.79999 0.5 -.10000000000000000E+0001
60 10000000 3.79999 0.5 -.10000000000000000E+0001
70 10000000 3.79999 0.5 +.62190638780038634E-0011
80 10000000 3.79999 0.5 -.10000000000000000E+0001
10 10000000 3.79999 0.599999 -.10000000000000000E+0001
20 10000000 3.79999 0.599999 +.14829519051961444E-0003
30 10000000 3.79999 0.599999 -.10000000000000000E+0001
40 10000000 3.79999 0.599999 +.89084272746672266E-0007
50 10000000 3.79999 0.599999 +.13087126394954303E-0008
60 10000000 3.79999 0.599999 +.30346588995484535E-0012
70 10000000 3.79999 0.599999 +.10805964532337819E-0014
80 10000000 3.79999 0.599999 +.11099519424631316E-0015
10 10000000 3.85999 0.299999 +.29803166819710383E-0002
20 10000000 3.85999 0.299999 +.55994069872465677E-0004
30 10000000 3.85999 0.299999 +.10283662809750270E-0005
40 10000000 3.85999 0.299999 +.33010421042109921E-0007
50 10000000 3.85999 0.299999 +.23348284125884593E-0008
60 10000000 3.85999 0.299999 +.20971613018649150E-0011
70 10000000 3.85999 0.299999 +.10433232980500301E-0014
80 10000000 3.85999 0.299999 +.12377989038784397E-0015
10 10000000 3.85999 0.4 +.27204045472326653E-0002
20 10000000 3.85999 0.4 +.59626669812815693E-0004
30 10000000 3.85999 0.4 +.15258823568609640E-0005
40 10000000 3.85999 0.4 -.10000000000000000E+0001
50 10000000 3.85999 0.4 +.44952465119865214E-0008
60 10000000 3.85999 0.4 +.97841784171567748E-0011
70 10000000 3.85999 0.4 +.13008341165240548E-0014
80 10000000 3.85999 0.4 +.12020439523397873E-0014
10 10000000 3.85999 0.5 -.10000000000000000E+0001
20 10000000 3.85999 0.5 -.10000000000000000E+0001
30 10000000 3.85999 0.5 -.10000000000000000E+0001
40 10000000 3.85999 0.5 -.10000000000000000E+0001
50 10000000 3.85999 0.5 -.10000000000000000E+0001
60 10000000 3.85999 0.5 -.10000000000000000E+0001
70 10000000 3.85999 0.5 +.49640071743744878E-0011
80 10000000 3.85999 0.5 -.10000000000000000E+0001
10 10000000 3.85999 0.599999 -.10000000000000000E+0001
20 10000000 3.85999 0.599999 +.25157195303488501E-0004
30 10000000 3.85999 0.599999 +.10295578915751411E-0005
40 10000000 3.85999 0.599999 -.10000000000000000E+0001
50 10000000 3.85999 0.599999 +.23348284125884593E-0008
60 10000000 3.85999 0.599999 +.97841784171567748E-0011
70 10000000 3.85999 0.599999 +.19330148608864750E-0014
80 10000000 3.85999 0.599999 +.29959200775692865E-0015
10 10000000 3.91 0.299999 +.21845849275134833E-0002
20 10000000 3.91 0.299999 +.37466150797483713E-0003
30 10000000 3.91 0.299999 +.13336640845761976E-0005
40 10000000 3.91 0.299999 +.16415343868777344E-0007
50 10000000 3.91 0.299999 -.10000000000000000E+0001
60 10000000 3.91 0.299999 +.15020877268263557E-0011
70 10000000 3.91 0.299999 +.34352919632957450E-0015
80 10000000 3.91 0.299999 +.11596469000693971E-0015
10 10000000 3.91 0.4 -.10000000000000000E+0001
20 10000000 3.91 0.4 +.37466150797483713E-0003
30 10000000 3.91 0.4 -.10000000000000000E+0001
40 10000000 3.91 0.4 +.16415343868777344E-0007
50 10000000 3.91 0.4 +.14812916834735321E-0008
60 10000000 3.91 0.4 +.13880506589362957E-0011
70 10000000 3.91 0.4 +.11295802115143770E-0014
80 10000000 3.91 0.4 +.11099519262748441E-0015
10 10000000 3.91 0.5 -.10000000000000000E+0001
20 10000000 3.91 0.5 +.21444422281858713E-0003
30 10000000 3.91 0.5 -.10000000000000000E+0001
40 10000000 3.91 0.5 +.25336888936267034E-0006
50 10000000 3.91 0.5 -.10000000000000000E+0001
60 10000000 3.91 0.5 -.10000000000000000E+0001
70 10000000 3.91 0.5 +.34222393243335118E-0011
80 10000000 3.91 0.5 -.10000000000000000E+0001
10 10000000 3.91 0.599999 -.10000000000000000E+0001
20 10000000 3.91 0.599999 +.37466150797483713E-0003
30 10000000 3.91 0.599999 -.10000000000000000E+0001
40 10000000 3.91 0.599999 +.25336888936267034E-0006
50 10000000 3.91 0.599999 +.40320819615208726E-0009
60 10000000 3.91 0.599999 +.13880506589362957E-0011
70 10000000 3.91 0.599999 +.10426503883650779E-0014
80 10000000 3.91 0.599999 +.11099518743220850E-0015

